==============================
Task PA21/Entity.java, index: 40
> Task :compileJava
> Task :processResources NO-SOURCE
> Task :classes

> Task :compileTestJava

> Task :processTestResources
> Task :testClasses

> Task :test
Results: SUCCESS (222 tests, 222 successes, 0 failures, 0 skipped)

BUILD SUCCESSFUL in 32s
4 actionable tasks: 4 executed

==============================
Task PA21/Entity.java, index: 41
> Task :compileJava
> Task :processResources NO-SOURCE
> Task :classes

> Task :compileTestJava

> Task :processTestResources
> Task :testClasses

> Task :test
Results: SUCCESS (222 tests, 222 successes, 0 failures, 0 skipped)

BUILD SUCCESSFUL in 44s
4 actionable tasks: 4 executed

==============================
Task PA21/EntityCell.java, index: 60
> Task :compileJava
> Task :processResources NO-SOURCE
> Task :classes

> Task :compileTestJava

> Task :processTestResources
> Task :testClasses

> Task :test

GameBoardControllerTest > Make Move - Move to Adjacent StopCell FAILED
    org.opentest4j.AssertionFailedError at GameBoardControllerTest.java:238

GameBoardControllerTest > Undo Move - Restores Entities FAILED
    org.opentest4j.AssertionFailedError at GameBoardControllerTest.java:692

GameBoardControllerTest > Make Move - Move passes Gem FAILED
    org.opentest4j.AssertionFailedError at GameBoardControllerTest.java:330

GameBoardControllerTest > Undo Move - Simple FAILED
    org.opentest4j.AssertionFailedError at GameBoardControllerTest.java:651

GameBoardControllerTest > Make Move - Move passes ExtraLives FAILED
    org.opentest4j.AssertionFailedError at GameBoardControllerTest.java:424

GameBoardControllerTest > Make Move - Move to StopCell FAILED
    org.opentest4j.AssertionFailedError at GameBoardControllerTest.java:283

GameBoardControllerTest > Make Move - Move passing multiple entities FAILED
    org.opentest4j.AssertionFailedError at GameBoardControllerTest.java:522

GameBoardControllerTest > Make Move - Move lands on ExtraLives FAILED
    org.opentest4j.AssertionFailedError at GameBoardControllerTest.java:473

GameBoardControllerTest > Make Move - Move to Wall FAILED
    org.opentest4j.AssertionFailedError at GameBoardControllerTest.java:193

GameBoardControllerTest > Make Move - Move lands on Gem FAILED
    org.opentest4j.AssertionFailedError at GameBoardControllerTest.java:376
Results: FAILURE (222 tests, 212 successes, 10 failures, 0 skipped)

> Task :test FAILED
4 actionable tasks: 4 executed

==============================
Task PA21/EntityCell.java, index: 61
> Task :compileJava
> Task :processResources NO-SOURCE
> Task :classes

> Task :compileTestJava

> Task :processTestResources
> Task :testClasses

> Task :test

StopCellTest > Set Player - Null to Null FAILED
    java.lang.IllegalArgumentException at StopCellTest.java:112

StopCellTest > Set Player - Not-Null to Null FAILED
    java.lang.IllegalArgumentException at StopCellTest.java:83

GameStateTest > Get Score - Death Deducts Points FAILED
    java.lang.IllegalArgumentException at GameStateTest.java:595

GameStateTest > Lives Increase - Unlimited Lives FAILED
    java.lang.IllegalArgumentException at GameStateTest.java:222

GameStateTest > Increment Number of Moves FAILED
    java.lang.IllegalArgumentException at GameStateTest.java:379

GameStateTest > Test Lose Condition FAILED
    java.lang.IllegalArgumentException at GameStateTest.java:199

GameStateTest > Instance Creation - Unlimited Lives using One-Arg constructor FAILED
    java.lang.IllegalArgumentException at GameStateTest.java:84

GameStateTest > Instance Creation - Unlimited Lives using Two-Arg constructor FAILED
    java.lang.IllegalArgumentException at GameStateTest.java:114

GameStateTest > Get Score - Score Increases When Gem Picked Up FAILED
    java.lang.IllegalArgumentException at GameStateTest.java:468

GameStateTest > Get Score - Initial Always Zero FAILED
    java.lang.IllegalArgumentException at GameStateTest.java:427

GameStateTest > Lives Increase - Limited Lives FAILED
    java.lang.IllegalArgumentException at GameStateTest.java:248

GameStateTest > Get Score - Moves Deducts Points FAILED
    java.lang.IllegalArgumentException at GameStateTest.java:523

GameStateTest > Get Score - Death Deducts Points FAILED
    java.lang.IllegalArgumentException at GameStateTest.java:559

GameStateTest > Lives Decrease - Unlimited Lives FAILED
    java.lang.IllegalArgumentException at GameStateTest.java:274

GameStateTest > Increment Number of Deaths FAILED
    java.lang.IllegalArgumentException at GameStateTest.java:403

GameStateTest > Instance Creation - Limited Lives FAILED
    java.lang.IllegalArgumentException at GameStateTest.java:144

GameStateTest > Test Win Condition FAILED
    java.lang.IllegalArgumentException at GameStateTest.java:174

GameStateTest > Lives Decrement - Limited Lives FAILED
    java.lang.IllegalArgumentException at GameStateTest.java:352

GameStateTest > Lives Decrease - Limited Lives FAILED
    java.lang.IllegalArgumentException at GameStateTest.java:300

GameStateTest > Lives Decrement - Unlimited Lives FAILED
    java.lang.IllegalArgumentException at GameStateTest.java:326

GameBoardTest > Get Number of Gems - Filled FAILED
    java.lang.IllegalArgumentException at GameBoardTest.java:498

GameBoardTest > Get Number of Gems - None FAILED
    java.lang.IllegalArgumentException at GameBoardTest.java:457

EntityCellTest > Instance Creation - Position and Null Entity FAILED
    java.lang.IllegalArgumentException at EntityCellTest.java:71

EntityCellTest > Set Entity - Not-Null to Null FAILED
    java.lang.IllegalArgumentException at EntityCellTest.java:120

EntityCellTest > Set Entity - Null to Null FAILED
    java.lang.IllegalArgumentException at EntityCellTest.java:149

GameBoardControllerTest > Make Move - Move to Adjacent StopCell FAILED
    org.opentest4j.AssertionFailedError at GameBoardControllerTest.java:238

GameBoardControllerTest > Undo Move - Restores Entities FAILED
    org.opentest4j.AssertionFailedError at GameBoardControllerTest.java:692

GameBoardControllerTest > Make Move - Move passes Gem FAILED
    java.lang.IllegalArgumentException at GameBoardControllerTest.java:315

GameBoardControllerTest > Undo Move - Simple FAILED
    org.opentest4j.AssertionFailedError at GameBoardControllerTest.java:651

GameBoardControllerTest > Make Move - Move passes ExtraLives FAILED
    java.lang.IllegalArgumentException at GameBoardControllerTest.java:409

GameBoardControllerTest > Make Move - Move to StopCell FAILED
    org.opentest4j.AssertionFailedError at GameBoardControllerTest.java:283

GameBoardControllerTest > Make Move - Move passing multiple entities FAILED
    java.lang.IllegalArgumentException at GameBoardControllerTest.java:507

GameBoardControllerTest > Make Move - Move lands on ExtraLives FAILED
    java.lang.IllegalArgumentException at GameBoardControllerTest.java:459

GameBoardControllerTest > Make Move - Move to Wall FAILED
    org.opentest4j.AssertionFailedError at GameBoardControllerTest.java:193

GameBoardControllerTest > Make Move - Move lands on Gem FAILED
    java.lang.IllegalArgumentException at GameBoardControllerTest.java:362

GameControllerTest > Make Move - Move passing ExtraLife > pa1.controller.GameControllerTest.testMakeValidMovePassingExtraLives(boolean)[1] FAILED
    java.lang.IllegalArgumentException at GameControllerTest.java:449

GameControllerTest > Make Move - Move passing ExtraLife > pa1.controller.GameControllerTest.testMakeValidMovePassingExtraLives(boolean)[2] FAILED
    java.lang.IllegalArgumentException at GameControllerTest.java:449

GameControllerTest > Make Move - Move passing different entities > pa1.controller.GameControllerTest.testMakeValidMovePassingEntities(boolean)[1] FAILED
    java.lang.IllegalArgumentException at GameControllerTest.java:499

GameControllerTest > Make Move - Move passing different entities > pa1.controller.GameControllerTest.testMakeValidMovePassingEntities(boolean)[2] FAILED
    java.lang.IllegalArgumentException at GameControllerTest.java:499

GameControllerTest > Undo Move - No moves > pa1.controller.GameControllerTest.testUndoFromEmptyStack(boolean)[1] FAILED
    java.lang.IllegalArgumentException at GameControllerTest.java:730

GameControllerTest > Undo Move - No moves > pa1.controller.GameControllerTest.testUndoFromEmptyStack(boolean)[2] FAILED
    java.lang.IllegalArgumentException at GameControllerTest.java:730

GameControllerTest > Make Move - Move passing Gems > pa1.controller.GameControllerTest.testMakeValidMovePassingGems(boolean)[1] FAILED
    java.lang.IllegalArgumentException at GameControllerTest.java:401

GameControllerTest > Make Move - Move passing Gems > pa1.controller.GameControllerTest.testMakeValidMovePassingGems(boolean)[2] FAILED
    java.lang.IllegalArgumentException at GameControllerTest.java:401

GameControllerTest > Make Move - Move hitting Mine while picking up last gem FAILED
    java.lang.IllegalArgumentException at GameControllerTest.java:678
Results: FAILURE (222 tests, 178 successes, 44 failures, 0 skipped)

> Task :test FAILED
4 actionable tasks: 4 executed

==============================
Task PA21/EntityCell.java, index: 62
> Task :compileJava
> Task :processResources NO-SOURCE
> Task :classes

> Task :compileTestJava

> Task :processTestResources
> Task :testClasses

> Task :test

StopCellTest > Set Player - Null to Null FAILED
    java.lang.IllegalArgumentException at StopCellTest.java:112

StopCellTest > Set Player - Not-Null to Null FAILED
    java.lang.IllegalArgumentException at StopCellTest.java:83

GameStateTest > Get Score - Death Deducts Points FAILED
    java.lang.IllegalArgumentException at GameStateTest.java:595

GameStateTest > Lives Increase - Unlimited Lives FAILED
    java.lang.IllegalArgumentException at GameStateTest.java:222

GameStateTest > Increment Number of Moves FAILED
    java.lang.IllegalArgumentException at GameStateTest.java:379

GameStateTest > Test Lose Condition FAILED
    java.lang.IllegalArgumentException at GameStateTest.java:199

GameStateTest > Instance Creation - Unlimited Lives using One-Arg constructor FAILED
    java.lang.IllegalArgumentException at GameStateTest.java:84

GameStateTest > Instance Creation - Unlimited Lives using Two-Arg constructor FAILED
    java.lang.IllegalArgumentException at GameStateTest.java:114

GameStateTest > Get Score - Score Increases When Gem Picked Up FAILED
    java.lang.IllegalArgumentException at GameStateTest.java:468

GameStateTest > Get Score - Initial Always Zero FAILED
    java.lang.IllegalArgumentException at GameStateTest.java:427

GameStateTest > Lives Increase - Limited Lives FAILED
    java.lang.IllegalArgumentException at GameStateTest.java:248

GameStateTest > Get Score - Moves Deducts Points FAILED
    java.lang.IllegalArgumentException at GameStateTest.java:523

GameStateTest > Get Score - Death Deducts Points FAILED
    java.lang.IllegalArgumentException at GameStateTest.java:559

GameStateTest > Lives Decrease - Unlimited Lives FAILED
    java.lang.IllegalArgumentException at GameStateTest.java:274

GameStateTest > Increment Number of Deaths FAILED
    java.lang.IllegalArgumentException at GameStateTest.java:403

GameStateTest > Instance Creation - Limited Lives FAILED
    java.lang.IllegalArgumentException at GameStateTest.java:144

GameStateTest > Test Win Condition FAILED
    java.lang.IllegalArgumentException at GameStateTest.java:174

GameStateTest > Lives Decrement - Limited Lives FAILED
    java.lang.IllegalArgumentException at GameStateTest.java:352

GameStateTest > Lives Decrease - Limited Lives FAILED
    java.lang.IllegalArgumentException at GameStateTest.java:300

GameStateTest > Lives Decrement - Unlimited Lives FAILED
    java.lang.IllegalArgumentException at GameStateTest.java:326

GameBoardTest > Get Number of Gems - Filled FAILED
    java.lang.IllegalArgumentException at GameBoardTest.java:498

GameBoardTest > Get Number of Gems - None FAILED
    java.lang.IllegalArgumentException at GameBoardTest.java:457

EntityCellTest > Instance Creation - Position and Null Entity FAILED
    java.lang.IllegalArgumentException at EntityCellTest.java:71

EntityCellTest > Set Entity - Not-Null to Null FAILED
    java.lang.IllegalArgumentException at EntityCellTest.java:120

EntityCellTest > Set Entity - Null to Null FAILED
    java.lang.IllegalArgumentException at EntityCellTest.java:149

GameBoardControllerTest > Make Move - Move to Adjacent StopCell FAILED
    org.opentest4j.AssertionFailedError at GameBoardControllerTest.java:238

GameBoardControllerTest > Undo Move - Restores Entities FAILED
    org.opentest4j.AssertionFailedError at GameBoardControllerTest.java:692

GameBoardControllerTest > Make Move - Move passes Gem FAILED
    java.lang.IllegalArgumentException at GameBoardControllerTest.java:315

GameBoardControllerTest > Undo Move - Simple FAILED
    org.opentest4j.AssertionFailedError at GameBoardControllerTest.java:651

GameBoardControllerTest > Make Move - Move passes ExtraLives FAILED
    java.lang.IllegalArgumentException at GameBoardControllerTest.java:409

GameBoardControllerTest > Make Move - Move to StopCell FAILED
    org.opentest4j.AssertionFailedError at GameBoardControllerTest.java:283

GameBoardControllerTest > Make Move - Move passing multiple entities FAILED
    java.lang.IllegalArgumentException at GameBoardControllerTest.java:507

GameBoardControllerTest > Make Move - Move lands on ExtraLives FAILED
    java.lang.IllegalArgumentException at GameBoardControllerTest.java:459

GameBoardControllerTest > Make Move - Move to Wall FAILED
    org.opentest4j.AssertionFailedError at GameBoardControllerTest.java:193

GameBoardControllerTest > Make Move - Move lands on Gem FAILED
    java.lang.IllegalArgumentException at GameBoardControllerTest.java:362

GameControllerTest > Make Move - Move passing ExtraLife > pa1.controller.GameControllerTest.testMakeValidMovePassingExtraLives(boolean)[1] FAILED
    java.lang.IllegalArgumentException at GameControllerTest.java:449

GameControllerTest > Make Move - Move passing ExtraLife > pa1.controller.GameControllerTest.testMakeValidMovePassingExtraLives(boolean)[2] FAILED
    java.lang.IllegalArgumentException at GameControllerTest.java:449

GameControllerTest > Make Move - Move passing different entities > pa1.controller.GameControllerTest.testMakeValidMovePassingEntities(boolean)[1] FAILED
    java.lang.IllegalArgumentException at GameControllerTest.java:499

GameControllerTest > Make Move - Move passing different entities > pa1.controller.GameControllerTest.testMakeValidMovePassingEntities(boolean)[2] FAILED
    java.lang.IllegalArgumentException at GameControllerTest.java:499

GameControllerTest > Undo Move - No moves > pa1.controller.GameControllerTest.testUndoFromEmptyStack(boolean)[1] FAILED
    java.lang.IllegalArgumentException at GameControllerTest.java:730

GameControllerTest > Undo Move - No moves > pa1.controller.GameControllerTest.testUndoFromEmptyStack(boolean)[2] FAILED
    java.lang.IllegalArgumentException at GameControllerTest.java:730

GameControllerTest > Make Move - Move passing Gems > pa1.controller.GameControllerTest.testMakeValidMovePassingGems(boolean)[1] FAILED
    java.lang.IllegalArgumentException at GameControllerTest.java:401

GameControllerTest > Make Move - Move passing Gems > pa1.controller.GameControllerTest.testMakeValidMovePassingGems(boolean)[2] FAILED
    java.lang.IllegalArgumentException at GameControllerTest.java:401

GameControllerTest > Make Move - Move hitting Mine while picking up last gem FAILED
    java.lang.IllegalArgumentException at GameControllerTest.java:678
Results: FAILURE (222 tests, 178 successes, 44 failures, 0 skipped)

> Task :test FAILED
4 actionable tasks: 4 executed

==============================
Task PA21/EntityCell.java, index: 63
> Task :compileJava
> Task :processResources NO-SOURCE
> Task :classes

> Task :compileTestJava

> Task :processTestResources
> Task :testClasses

> Task :test

GameBoardControllerTest > Make Move - Move to Adjacent StopCell FAILED
    org.opentest4j.AssertionFailedError at GameBoardControllerTest.java:238

GameBoardControllerTest > Undo Move - Restores Entities FAILED
    org.opentest4j.AssertionFailedError at GameBoardControllerTest.java:692

GameBoardControllerTest > Make Move - Move passes Gem FAILED
    org.opentest4j.AssertionFailedError at GameBoardControllerTest.java:330

GameBoardControllerTest > Undo Move - Simple FAILED
    org.opentest4j.AssertionFailedError at GameBoardControllerTest.java:651

GameBoardControllerTest > Make Move - Move passes ExtraLives FAILED
    org.opentest4j.AssertionFailedError at GameBoardControllerTest.java:424

GameBoardControllerTest > Make Move - Move to StopCell FAILED
    org.opentest4j.AssertionFailedError at GameBoardControllerTest.java:283

GameBoardControllerTest > Make Move - Move passing multiple entities FAILED
    org.opentest4j.AssertionFailedError at GameBoardControllerTest.java:522

GameBoardControllerTest > Make Move - Move lands on ExtraLives FAILED
    org.opentest4j.AssertionFailedError at GameBoardControllerTest.java:473

GameBoardControllerTest > Make Move - Move to Wall FAILED
    org.opentest4j.AssertionFailedError at GameBoardControllerTest.java:193

GameBoardControllerTest > Make Move - Move lands on Gem FAILED
    org.opentest4j.AssertionFailedError at GameBoardControllerTest.java:376
Results: FAILURE (222 tests, 212 successes, 10 failures, 0 skipped)

> Task :test FAILED
4 actionable tasks: 4 executed

==============================
Task PA21/ExtraLife.java, index: 80
> Task :compileJava
> Task :processResources NO-SOURCE
> Task :classes

> Task :compileTestJava

> Task :processTestResources
> Task :testClasses

> Task :test
Results: SUCCESS (222 tests, 222 successes, 0 failures, 0 skipped)

BUILD SUCCESSFUL in 30s
4 actionable tasks: 4 executed

==============================
Task PA21/ExtraLife.java, index: 81
> Task :compileJava
> Task :processResources NO-SOURCE
> Task :classes

> Task :compileTestJava

> Task :processTestResources
> Task :testClasses

> Task :test
Results: SUCCESS (222 tests, 222 successes, 0 failures, 0 skipped)

BUILD SUCCESSFUL in 24s
4 actionable tasks: 4 executed

==============================
Task PA21/ExtraLife.java, index: 82
> Task :compileJava
> Task :processResources NO-SOURCE
> Task :classes

> Task :compileTestJava

> Task :processTestResources
> Task :testClasses

> Task :test
Results: SUCCESS (222 tests, 222 successes, 0 failures, 0 skipped)

BUILD SUCCESSFUL in 34s
4 actionable tasks: 4 executed

==============================
Task PA21/ExtraLife.java, index: 83
> Task :compileJava
> Task :processResources NO-SOURCE
> Task :classes

> Task :compileTestJava

> Task :processTestResources
> Task :testClasses

> Task :test
Results: SUCCESS (222 tests, 222 successes, 0 failures, 0 skipped)

BUILD SUCCESSFUL in 26s
4 actionable tasks: 4 executed

==============================
Task PA21/ExtraLife.java, index: 84
> Task :compileJava
> Task :processResources NO-SOURCE
> Task :classes

> Task :compileTestJava

> Task :processTestResources
> Task :testClasses

> Task :test
Results: SUCCESS (222 tests, 222 successes, 0 failures, 0 skipped)

BUILD SUCCESSFUL in 26s
4 actionable tasks: 4 executed

==============================
Task PA21/GameState.java, index: 120
> Task :compileJava
> Task :processResources NO-SOURCE
> Task :classes

> Task :compileTestJava

> Task :processTestResources
> Task :testClasses

> Task :test

GameStateTest > Lives Increase - Unlimited Lives FAILED
    org.opentest4j.AssertionFailedError at GameStateTest.java:231

GameStateTest > Instance Creation - Unlimited Lives using One-Arg constructor FAILED
    org.opentest4j.AssertionFailedError at GameStateTest.java:94

GameStateTest > Instance Creation - Unlimited Lives using Two-Arg constructor FAILED
    org.opentest4j.AssertionFailedError at GameStateTest.java:124

GameStateTest > Get Score - Initial Always Zero FAILED
    org.opentest4j.AssertionFailedError at GameStateTest.java:432

GameStateTest > Lives Decrease - Unlimited Lives FAILED
    org.opentest4j.AssertionFailedError at GameStateTest.java:283

GameStateTest > Instance Creation - Limited Lives FAILED
    org.opentest4j.AssertionFailedError at GameStateTest.java:156

GameStateTest > Lives Decrement - Limited Lives FAILED
    org.opentest4j.AssertionFailedError at GameStateTest.java:362

GameStateTest > Lives Decrement - Unlimited Lives FAILED
    org.opentest4j.AssertionFailedError at GameStateTest.java:335
Results: FAILURE (222 tests, 189 successes, 8 failures, 25 skipped)

> Task :test FAILED
4 actionable tasks: 4 executed

==============================
Task PA21/GameState.java, index: 121
> Task :compileJava
> Task :processResources NO-SOURCE
> Task :classes

> Task :compileTestJava

> Task :processTestResources
> Task :testClasses

> Task :test

GameStateTest > Instance Creation - Unlimited Lives using One-Arg constructor FAILED
    org.opentest4j.AssertionFailedError at GameStateTest.java:96

GameStateTest > Instance Creation - Unlimited Lives using Two-Arg constructor FAILED
    org.opentest4j.AssertionFailedError at GameStateTest.java:126

GameStateTest > Get Score - Initial Always Zero FAILED
    org.opentest4j.AssertionFailedError at GameStateTest.java:432

GameStateTest > Lives Increase - Limited Lives FAILED
    org.opentest4j.AssertionFailedError at GameStateTest.java:256

GameStateTest > Instance Creation - Limited Lives FAILED
    org.opentest4j.AssertionFailedError at GameStateTest.java:156

GameStateTest > Lives Decrement - Limited Lives FAILED
    org.opentest4j.AssertionFailedError at GameStateTest.java:362

GameControllerTest > Make Move - Move passing ExtraLife > pa1.controller.GameControllerTest.testMakeValidMovePassingExtraLives(boolean)[2] FAILED
    org.opentest4j.AssertionFailedError at GameControllerTest.java:456

GameControllerTest > Make Move - Move to Stop Cell > pa1.controller.GameControllerTest.testMakeValidMoveToStopCell(boolean)[2] FAILED
    org.opentest4j.AssertionFailedError at GameControllerTest.java:366

GameControllerTest > Make Move - Move passing different entities > pa1.controller.GameControllerTest.testMakeValidMovePassingEntities(boolean)[2] FAILED
    org.opentest4j.AssertionFailedError at GameControllerTest.java:506

GameControllerTest > Make Move - Move to Wall > pa1.controller.GameControllerTest.testMakeValidMoveToWall(boolean)[2] FAILED
    org.opentest4j.AssertionFailedError at GameControllerTest.java:320

GameControllerTest > Make Move - Move passing Gems > pa1.controller.GameControllerTest.testMakeValidMovePassingGems(boolean)[2] FAILED
    org.opentest4j.AssertionFailedError at GameControllerTest.java:414
Results: FAILURE (222 tests, 207 successes, 11 failures, 4 skipped)

> Task :test FAILED
4 actionable tasks: 4 executed

==============================
Task PA21/GameState.java, index: 122
> Task :compileJava
> Task :processResources NO-SOURCE
> Task :classes

> Task :compileTestJava

> Task :processTestResources
> Task :testClasses

> Task :test

GameStateTest > Lives Increase - Unlimited Lives FAILED
    org.opentest4j.AssertionFailedError at GameStateTest.java:231

GameStateTest > Instance Creation - Unlimited Lives using One-Arg constructor FAILED
    org.opentest4j.AssertionFailedError at GameStateTest.java:94

GameStateTest > Instance Creation - Unlimited Lives using Two-Arg constructor FAILED
    org.opentest4j.AssertionFailedError at GameStateTest.java:124

GameStateTest > Get Score - Initial Always Zero FAILED
    org.opentest4j.AssertionFailedError at GameStateTest.java:432

GameStateTest > Lives Decrease - Unlimited Lives FAILED
    org.opentest4j.AssertionFailedError at GameStateTest.java:283

GameStateTest > Instance Creation - Limited Lives FAILED
    org.opentest4j.AssertionFailedError at GameStateTest.java:156

GameStateTest > Lives Decrement - Limited Lives FAILED
    org.opentest4j.AssertionFailedError at GameStateTest.java:362

GameStateTest > Lives Decrement - Unlimited Lives FAILED
    org.opentest4j.AssertionFailedError at GameStateTest.java:335
Results: FAILURE (222 tests, 189 successes, 8 failures, 25 skipped)

> Task :test FAILED
4 actionable tasks: 4 executed

==============================
Task PA21/GameState.java, index: 123
> Task :compileJava
> Task :processResources NO-SOURCE
> Task :classes

> Task :compileTestJava

> Task :processTestResources
> Task :testClasses

> Task :test

GameStateTest > Test Lose Condition FAILED
    org.opentest4j.AssertionFailedError at GameStateTest.java:204

GameStateTest > Instance Creation - Unlimited Lives using One-Arg constructor FAILED
    org.opentest4j.AssertionFailedError at GameStateTest.java:96

GameStateTest > Instance Creation - Unlimited Lives using Two-Arg constructor FAILED
    org.opentest4j.AssertionFailedError at GameStateTest.java:126

GameStateTest > Get Score - Initial Always Zero FAILED
    org.opentest4j.AssertionFailedError at GameStateTest.java:432

GameStateTest > Instance Creation - Limited Lives FAILED
    org.opentest4j.AssertionFailedError at GameStateTest.java:156

GameStateTest > Lives Decrement - Limited Lives FAILED
    org.opentest4j.AssertionFailedError at GameStateTest.java:362
Results: FAILURE (222 tests, 212 successes, 6 failures, 4 skipped)

> Task :test FAILED
4 actionable tasks: 4 executed

==============================
Task PA21/GameState.java, index: 124
> Task :compileJava
> Task :processResources NO-SOURCE
> Task :classes

> Task :compileTestJava

> Task :processTestResources
> Task :testClasses

> Task :test

GameStateTest > Instance Creation - Unlimited Lives using One-Arg constructor FAILED
    org.opentest4j.AssertionFailedError at GameStateTest.java:96

GameStateTest > Instance Creation - Unlimited Lives using Two-Arg constructor FAILED
    org.opentest4j.AssertionFailedError at GameStateTest.java:126

GameStateTest > Get Score - Initial Always Zero FAILED
    org.opentest4j.AssertionFailedError at GameStateTest.java:432

GameStateTest > Instance Creation - Limited Lives FAILED
    org.opentest4j.AssertionFailedError at GameStateTest.java:156

GameStateTest > Lives Decrement - Limited Lives FAILED
    org.opentest4j.AssertionFailedError at GameStateTest.java:362
Results: FAILURE (222 tests, 213 successes, 5 failures, 4 skipped)

> Task :test FAILED
4 actionable tasks: 4 executed

==============================
Task PA21/Gem.java, index: 140
> Task :compileJava
> Task :processResources NO-SOURCE
> Task :classes

> Task :compileTestJava

> Task :processTestResources
> Task :testClasses

> Task :test
Results: SUCCESS (222 tests, 222 successes, 0 failures, 0 skipped)

BUILD SUCCESSFUL in 21s
4 actionable tasks: 4 executed

==============================
Task PA21/Gem.java, index: 141
> Task :compileJava
> Task :processResources NO-SOURCE
> Task :classes

> Task :compileTestJava

> Task :processTestResources
> Task :testClasses

> Task :test
Results: SUCCESS (222 tests, 222 successes, 0 failures, 0 skipped)

BUILD SUCCESSFUL in 17s
4 actionable tasks: 4 executed

==============================
Task PA21/Gem.java, index: 142
> Task :compileJava
> Task :processResources NO-SOURCE
> Task :classes

> Task :compileTestJava

> Task :processTestResources
> Task :testClasses

> Task :test
Results: SUCCESS (222 tests, 222 successes, 0 failures, 0 skipped)

BUILD SUCCESSFUL in 17s
4 actionable tasks: 4 executed

==============================
Task PA21/Gem.java, index: 143
> Task :compileJava
> Task :processResources NO-SOURCE
> Task :classes

> Task :compileTestJava

> Task :processTestResources
> Task :testClasses

> Task :test
Results: SUCCESS (222 tests, 222 successes, 0 failures, 0 skipped)

BUILD SUCCESSFUL in 14s
4 actionable tasks: 4 executed

==============================
Task PA21/Gem.java, index: 144
> Task :compileJava
> Task :processResources NO-SOURCE
> Task :classes

> Task :compileTestJava

> Task :processTestResources
> Task :testClasses

> Task :test
Results: SUCCESS (222 tests, 222 successes, 0 failures, 0 skipped)

BUILD SUCCESSFUL in 13s
4 actionable tasks: 4 executed

==============================
Task PA21/Mine.java, index: 160
> Task :compileJava
> Task :processResources NO-SOURCE
> Task :classes

> Task :compileTestJava

> Task :processTestResources
> Task :testClasses

> Task :test
Results: SUCCESS (222 tests, 222 successes, 0 failures, 0 skipped)

BUILD SUCCESSFUL in 11s
4 actionable tasks: 4 executed

==============================
Task PA21/Mine.java, index: 161
> Task :compileJava
> Task :processResources NO-SOURCE
> Task :classes

> Task :compileTestJava

> Task :processTestResources
> Task :testClasses

> Task :test
Results: SUCCESS (222 tests, 222 successes, 0 failures, 0 skipped)

BUILD SUCCESSFUL in 10s
4 actionable tasks: 4 executed

==============================
Task PA21/Mine.java, index: 162
> Task :compileJava
> Task :processResources NO-SOURCE
> Task :classes

> Task :compileTestJava

> Task :processTestResources
> Task :testClasses

> Task :test
Results: SUCCESS (222 tests, 222 successes, 0 failures, 0 skipped)

BUILD SUCCESSFUL in 9s
4 actionable tasks: 4 executed

==============================
Task PA21/Mine.java, index: 163
> Task :compileJava
> Task :processResources NO-SOURCE
> Task :classes

> Task :compileTestJava

> Task :processTestResources
> Task :testClasses

> Task :test
Results: SUCCESS (222 tests, 222 successes, 0 failures, 0 skipped)

BUILD SUCCESSFUL in 8s
4 actionable tasks: 4 executed

==============================
Task PA21/Mine.java, index: 164
> Task :compileJava
> Task :processResources NO-SOURCE
> Task :classes

> Task :compileTestJava

> Task :processTestResources
> Task :testClasses

> Task :test
Results: SUCCESS (222 tests, 222 successes, 0 failures, 0 skipped)

BUILD SUCCESSFUL in 8s
4 actionable tasks: 4 executed

==============================
Task PA21/MoveResult.java, index: 180
> Task :compileJava
> Task :processResources NO-SOURCE
> Task :classes

> Task :compileTestJava

> Task :processTestResources
> Task :testClasses

> Task :test

GameBoardControllerTest > Make Move - Move hits Mine FAILED
    org.opentest4j.AssertionFailedError at GameBoardControllerTest.java:561

GameBoardControllerTest > Make Move - Move hits Mine while picking up entities FAILED
    org.opentest4j.AssertionFailedError at GameBoardControllerTest.java:608
Results: FAILURE (222 tests, 220 successes, 2 failures, 0 skipped)

> Task :test FAILED
4 actionable tasks: 4 executed

==============================
Task PA21/MoveResult.java, index: 181
> Task :compileJava
> Task :processResources NO-SOURCE
> Task :classes

> Task :compileTestJava

> Task :processTestResources
> Task :testClasses

> Task :test
Results: SUCCESS (222 tests, 222 successes, 0 failures, 0 skipped)

BUILD SUCCESSFUL in 8s
4 actionable tasks: 4 executed

==============================
Task PA21/MoveResult.java, index: 182
> Task :compileJava
> Task :processResources NO-SOURCE
> Task :classes

> Task :compileTestJava

> Task :processTestResources
> Task :testClasses

> Task :test

GameBoardControllerTest > Make Move - Move hits Mine FAILED
    org.opentest4j.AssertionFailedError at GameBoardControllerTest.java:561

GameBoardControllerTest > Make Move - Move hits Mine while picking up entities FAILED
    org.opentest4j.AssertionFailedError at GameBoardControllerTest.java:608
Results: FAILURE (222 tests, 220 successes, 2 failures, 0 skipped)

> Task :test FAILED
4 actionable tasks: 4 executed

==============================
Task PA21/MoveResult.java, index: 183
> Task :compileJava
> Task :processResources NO-SOURCE
> Task :classes

> Task :compileTestJava

> Task :processTestResources
> Task :testClasses

> Task :test

GameBoardControllerTest > Make Move - Move hits Mine FAILED
    org.opentest4j.AssertionFailedError at GameBoardControllerTest.java:561

GameBoardControllerTest > Make Move - Move hits Mine while picking up entities FAILED
    org.opentest4j.AssertionFailedError at GameBoardControllerTest.java:608
Results: FAILURE (222 tests, 220 successes, 2 failures, 0 skipped)

> Task :test FAILED
4 actionable tasks: 4 executed

==============================
Task PA21/MoveResult.java, index: 184
> Task :compileJava
> Task :processResources NO-SOURCE
> Task :classes

> Task :compileTestJava

> Task :processTestResources
> Task :testClasses

> Task :test

GameBoardControllerTest > Make Move - Move hits Mine FAILED
    org.opentest4j.AssertionFailedError at GameBoardControllerTest.java:561

GameBoardControllerTest > Make Move - Move hits Mine while picking up entities FAILED
    org.opentest4j.AssertionFailedError at GameBoardControllerTest.java:608
Results: FAILURE (222 tests, 220 successes, 2 failures, 0 skipped)

> Task :test FAILED
4 actionable tasks: 4 executed

==============================
Task PA21/MoveStack.java, index: 200
> Task :compileJava
> Task :processResources NO-SOURCE
> Task :classes

> Task :compileTestJava

> Task :processTestResources
> Task :testClasses

> Task :test
Results: SUCCESS (222 tests, 222 successes, 0 failures, 0 skipped)

BUILD SUCCESSFUL in 8s
4 actionable tasks: 4 executed

==============================
Task PA21/MoveStack.java, index: 201
> Task :compileJava
> Task :processResources NO-SOURCE
> Task :classes

> Task :compileTestJava

> Task :processTestResources
> Task :testClasses

> Task :test
Results: SUCCESS (222 tests, 222 successes, 0 failures, 0 skipped)

BUILD SUCCESSFUL in 8s
4 actionable tasks: 4 executed

==============================
Task PA21/MoveStack.java, index: 202
> Task :compileJava
> Task :processResources NO-SOURCE
> Task :classes

> Task :compileTestJava

> Task :processTestResources
> Task :testClasses

> Task :test
Results: SUCCESS (222 tests, 222 successes, 0 failures, 0 skipped)

BUILD SUCCESSFUL in 7s
4 actionable tasks: 4 executed

==============================
Task PA21/MoveStack.java, index: 203
> Task :compileJava
> Task :processResources NO-SOURCE
> Task :classes

> Task :compileTestJava

> Task :processTestResources
> Task :testClasses

> Task :test
Results: SUCCESS (222 tests, 222 successes, 0 failures, 0 skipped)

BUILD SUCCESSFUL in 7s
4 actionable tasks: 4 executed

==============================
Task PA21/MoveStack.java, index: 204
> Task :compileJava
> Task :processResources NO-SOURCE
> Task :classes

> Task :compileTestJava

> Task :processTestResources
> Task :testClasses

> Task :test
Results: SUCCESS (222 tests, 222 successes, 0 failures, 0 skipped)

BUILD SUCCESSFUL in 7s
4 actionable tasks: 4 executed

==============================
Task PA21/Player.java, index: 220
> Task :compileJava
> Task :processResources NO-SOURCE
> Task :classes

> Task :compileTestJava

> Task :processTestResources
> Task :testClasses

> Task :test
Results: SUCCESS (222 tests, 222 successes, 0 failures, 0 skipped)

BUILD SUCCESSFUL in 9s
4 actionable tasks: 4 executed

==============================
Task PA21/Player.java, index: 221
> Task :compileJava
> Task :processResources NO-SOURCE
> Task :classes

> Task :compileTestJava

> Task :processTestResources
> Task :testClasses

> Task :test
Results: SUCCESS (222 tests, 222 successes, 0 failures, 0 skipped)

BUILD SUCCESSFUL in 8s
4 actionable tasks: 4 executed

==============================
Task PA21/Player.java, index: 222
> Task :compileJava
> Task :processResources NO-SOURCE
> Task :classes

> Task :compileTestJava

> Task :processTestResources
> Task :testClasses

> Task :test
Results: SUCCESS (222 tests, 222 successes, 0 failures, 0 skipped)

BUILD SUCCESSFUL in 7s
4 actionable tasks: 4 executed

==============================
Task PA21/Player.java, index: 223
> Task :compileJava
> Task :processResources NO-SOURCE
> Task :classes

> Task :compileTestJava

> Task :processTestResources
> Task :testClasses

> Task :test
Results: SUCCESS (222 tests, 222 successes, 0 failures, 0 skipped)

BUILD SUCCESSFUL in 8s
4 actionable tasks: 4 executed

==============================
Task PA21/Player.java, index: 224
> Task :compileJava
> Task :processResources NO-SOURCE
> Task :classes

> Task :compileTestJava

> Task :processTestResources
> Task :testClasses

> Task :test
Results: SUCCESS (222 tests, 222 successes, 0 failures, 0 skipped)

BUILD SUCCESSFUL in 7s
4 actionable tasks: 4 executed

==============================
Task PA21/Position.java, index: 241
> Task :compileJava
> Task :processResources NO-SOURCE
> Task :classes

> Task :compileTestJava

> Task :processTestResources
> Task :testClasses

> Task :test

PositionTest > Get Offset - PositionOffset-overload FAILED
    java.lang.IllegalArgumentException at PositionTest.java:93

PositionTest > Get Offset - int-overload FAILED
    java.lang.IllegalArgumentException at PositionTest.java:81

GameStateTest > Get Score - Death Deducts Points FAILED
    java.lang.IllegalArgumentException at GameStateTest.java:583

GameStateTest > Lives Increase - Unlimited Lives FAILED
    java.lang.IllegalArgumentException at GameStateTest.java:212

GameStateTest > Increment Number of Moves FAILED
    java.lang.IllegalArgumentException at GameStateTest.java:369

GameStateTest > Test Lose Condition FAILED
    java.lang.IllegalArgumentException at GameStateTest.java:189

GameStateTest > Instance Creation - Unlimited Lives using One-Arg constructor FAILED
    java.lang.IllegalArgumentException at GameStateTest.java:74

GameStateTest > Instance Creation - Unlimited Lives using Two-Arg constructor FAILED
    java.lang.IllegalArgumentException at GameStateTest.java:104

GameStateTest > Get Score - Score Increases When Gem Picked Up FAILED
    java.lang.IllegalArgumentException at GameStateTest.java:456

GameStateTest > Get Score - Initial Always Zero FAILED
    java.lang.IllegalArgumentException at GameStateTest.java:417

GameStateTest > Lives Increase - Limited Lives FAILED
    java.lang.IllegalArgumentException at GameStateTest.java:238

GameStateTest > Get Score - Moves Deducts Points FAILED
    java.lang.IllegalArgumentException at GameStateTest.java:511

GameStateTest > Get Score - Death Deducts Points FAILED
    java.lang.IllegalArgumentException at GameStateTest.java:547

GameStateTest > Lives Decrease - Unlimited Lives FAILED
    java.lang.IllegalArgumentException at GameStateTest.java:264

GameStateTest > Increment Number of Deaths FAILED
    java.lang.IllegalArgumentException at GameStateTest.java:393

GameStateTest > Instance Creation - Limited Lives FAILED
    java.lang.IllegalArgumentException at GameStateTest.java:134

GameStateTest > Test Win Condition FAILED
    java.lang.IllegalArgumentException at GameStateTest.java:164

GameStateTest > Lives Decrement - Limited Lives FAILED
    java.lang.IllegalArgumentException at GameStateTest.java:342

GameStateTest > Lives Decrease - Limited Lives FAILED
    java.lang.IllegalArgumentException at GameStateTest.java:290

GameStateTest > Lives Decrement - Unlimited Lives FAILED
    java.lang.IllegalArgumentException at GameStateTest.java:316
Requesting stop of task ':test' as it has exceeded its configured timeout of 1m.
Results: FAILURE (107 tests, 86 successes, 20 failures, 1 skipped)

> Task :test FAILED
4 actionable tasks: 4 executed

==============================
Task PA21/Position.java, index: 242
> Task :compileJava
> Task :processResources NO-SOURCE
> Task :classes

> Task :compileTestJava

> Task :processTestResources
> Task :testClasses

> Task :test

GameStateTest > Get Score - Death Deducts Points FAILED
    java.lang.IllegalArgumentException at GameStateTest.java:583

GameStateTest > Lives Increase - Unlimited Lives FAILED
    java.lang.IllegalArgumentException at GameStateTest.java:212

GameStateTest > Increment Number of Moves FAILED
    java.lang.IllegalArgumentException at GameStateTest.java:369

GameStateTest > Test Lose Condition FAILED
    java.lang.IllegalArgumentException at GameStateTest.java:189

GameStateTest > Instance Creation - Unlimited Lives using One-Arg constructor FAILED
    java.lang.IllegalArgumentException at GameStateTest.java:74

GameStateTest > Instance Creation - Unlimited Lives using Two-Arg constructor FAILED
    java.lang.IllegalArgumentException at GameStateTest.java:104

GameStateTest > Get Score - Score Increases When Gem Picked Up FAILED
    java.lang.IllegalArgumentException at GameStateTest.java:456

GameStateTest > Get Score - Initial Always Zero FAILED
    java.lang.IllegalArgumentException at GameStateTest.java:417

GameStateTest > Lives Increase - Limited Lives FAILED
    java.lang.IllegalArgumentException at GameStateTest.java:238

GameStateTest > Get Score - Moves Deducts Points FAILED
    java.lang.IllegalArgumentException at GameStateTest.java:511

GameStateTest > Get Score - Death Deducts Points FAILED
    java.lang.IllegalArgumentException at GameStateTest.java:547

GameStateTest > Lives Decrease - Unlimited Lives FAILED
    java.lang.IllegalArgumentException at GameStateTest.java:264

GameStateTest > Increment Number of Deaths FAILED
    java.lang.IllegalArgumentException at GameStateTest.java:393

GameStateTest > Instance Creation - Limited Lives FAILED
    java.lang.IllegalArgumentException at GameStateTest.java:134

GameStateTest > Test Win Condition FAILED
    java.lang.IllegalArgumentException at GameStateTest.java:164

GameStateTest > Lives Decrement - Limited Lives FAILED
    java.lang.IllegalArgumentException at GameStateTest.java:342

GameStateTest > Lives Decrease - Limited Lives FAILED
    java.lang.IllegalArgumentException at GameStateTest.java:290

GameStateTest > Lives Decrement - Unlimited Lives FAILED
    java.lang.IllegalArgumentException at GameStateTest.java:316
Requesting stop of task ':test' as it has exceeded its configured timeout of 1m.
Results: FAILURE (107 tests, 88 successes, 18 failures, 1 skipped)

> Task :test FAILED
4 actionable tasks: 4 executed

==============================
Task PA21/Position.java, index: 243
> Task :compileJava
> Task :processResources NO-SOURCE
> Task :classes

> Task :compileTestJava

> Task :processTestResources
> Task :testClasses

> Task :test

GameStateTest > Get Score - Death Deducts Points FAILED
    java.lang.IllegalArgumentException at GameStateTest.java:583

GameStateTest > Lives Increase - Unlimited Lives FAILED
    java.lang.IllegalArgumentException at GameStateTest.java:212

GameStateTest > Increment Number of Moves FAILED
    java.lang.IllegalArgumentException at GameStateTest.java:369

GameStateTest > Test Lose Condition FAILED
    java.lang.IllegalArgumentException at GameStateTest.java:189

GameStateTest > Instance Creation - Unlimited Lives using One-Arg constructor FAILED
    java.lang.IllegalArgumentException at GameStateTest.java:74

GameStateTest > Instance Creation - Unlimited Lives using Two-Arg constructor FAILED
    java.lang.IllegalArgumentException at GameStateTest.java:104

GameStateTest > Get Score - Score Increases When Gem Picked Up FAILED
    java.lang.IllegalArgumentException at GameStateTest.java:456

GameStateTest > Get Score - Initial Always Zero FAILED
    java.lang.IllegalArgumentException at GameStateTest.java:417

GameStateTest > Lives Increase - Limited Lives FAILED
    java.lang.IllegalArgumentException at GameStateTest.java:238

GameStateTest > Get Score - Moves Deducts Points FAILED
    java.lang.IllegalArgumentException at GameStateTest.java:511

GameStateTest > Get Score - Death Deducts Points FAILED
    java.lang.IllegalArgumentException at GameStateTest.java:547

GameStateTest > Lives Decrease - Unlimited Lives FAILED
    java.lang.IllegalArgumentException at GameStateTest.java:264

GameStateTest > Increment Number of Deaths FAILED
    java.lang.IllegalArgumentException at GameStateTest.java:393

GameStateTest > Instance Creation - Limited Lives FAILED
    java.lang.IllegalArgumentException at GameStateTest.java:134

GameStateTest > Test Win Condition FAILED
    java.lang.IllegalArgumentException at GameStateTest.java:164

GameStateTest > Lives Decrement - Limited Lives FAILED
    java.lang.IllegalArgumentException at GameStateTest.java:342

GameStateTest > Lives Decrease - Limited Lives FAILED
    java.lang.IllegalArgumentException at GameStateTest.java:290

GameStateTest > Lives Decrement - Unlimited Lives FAILED
    java.lang.IllegalArgumentException at GameStateTest.java:316
Requesting stop of task ':test' as it has exceeded its configured timeout of 1m.
Results: FAILURE (107 tests, 88 successes, 18 failures, 1 skipped)

> Task :test FAILED
4 actionable tasks: 4 executed

==============================
Task PA21/Position.java, index: 244
> Task :compileJava
> Task :processResources NO-SOURCE
> Task :classes

> Task :compileTestJava

> Task :processTestResources
> Task :testClasses

> Task :test

GameStateTest > Get Score - Death Deducts Points FAILED
    java.lang.IllegalArgumentException at GameStateTest.java:583

GameStateTest > Lives Increase - Unlimited Lives FAILED
    java.lang.IllegalArgumentException at GameStateTest.java:212

GameStateTest > Increment Number of Moves FAILED
    java.lang.IllegalArgumentException at GameStateTest.java:369

GameStateTest > Test Lose Condition FAILED
    java.lang.IllegalArgumentException at GameStateTest.java:189

GameStateTest > Instance Creation - Unlimited Lives using One-Arg constructor FAILED
    java.lang.IllegalArgumentException at GameStateTest.java:74

GameStateTest > Instance Creation - Unlimited Lives using Two-Arg constructor FAILED
    java.lang.IllegalArgumentException at GameStateTest.java:104

GameStateTest > Get Score - Score Increases When Gem Picked Up FAILED
    java.lang.IllegalArgumentException at GameStateTest.java:456

GameStateTest > Get Score - Initial Always Zero FAILED
    java.lang.IllegalArgumentException at GameStateTest.java:417

GameStateTest > Lives Increase - Limited Lives FAILED
    java.lang.IllegalArgumentException at GameStateTest.java:238

GameStateTest > Get Score - Moves Deducts Points FAILED
    java.lang.IllegalArgumentException at GameStateTest.java:511

GameStateTest > Get Score - Death Deducts Points FAILED
    java.lang.IllegalArgumentException at GameStateTest.java:547

GameStateTest > Lives Decrease - Unlimited Lives FAILED
    java.lang.IllegalArgumentException at GameStateTest.java:264

GameStateTest > Increment Number of Deaths FAILED
    java.lang.IllegalArgumentException at GameStateTest.java:393

GameStateTest > Instance Creation - Limited Lives FAILED
    java.lang.IllegalArgumentException at GameStateTest.java:134

GameStateTest > Test Win Condition FAILED
    java.lang.IllegalArgumentException at GameStateTest.java:164

GameStateTest > Lives Decrement - Limited Lives FAILED
    java.lang.IllegalArgumentException at GameStateTest.java:342

GameStateTest > Lives Decrease - Limited Lives FAILED
    java.lang.IllegalArgumentException at GameStateTest.java:290

GameStateTest > Lives Decrement - Unlimited Lives FAILED
    java.lang.IllegalArgumentException at GameStateTest.java:316
Requesting stop of task ':test' as it has exceeded its configured timeout of 1m.
Results: FAILURE (107 tests, 88 successes, 18 failures, 1 skipped)

> Task :test FAILED
4 actionable tasks: 4 executed

==============================
Task PA21/StopCell.java, index: 260
> Task :compileJava
> Task :processResources NO-SOURCE
> Task :classes

> Task :compileTestJava

> Task :processTestResources
> Task :testClasses

> Task :test
Results: SUCCESS (222 tests, 222 successes, 0 failures, 0 skipped)

BUILD SUCCESSFUL in 3s
4 actionable tasks: 4 executed

==============================
Task PA21/StopCell.java, index: 261
> Task :compileJava
> Task :processResources NO-SOURCE
> Task :classes

> Task :compileTestJava

> Task :processTestResources
> Task :testClasses

> Task :test
Results: SUCCESS (222 tests, 222 successes, 0 failures, 0 skipped)

BUILD SUCCESSFUL in 4s
4 actionable tasks: 4 executed

==============================
Task PA21/StopCell.java, index: 262
> Task :compileJava
> Task :processResources NO-SOURCE
> Task :classes

> Task :compileTestJava

> Task :processTestResources
> Task :testClasses

> Task :test
Results: SUCCESS (222 tests, 222 successes, 0 failures, 0 skipped)

BUILD SUCCESSFUL in 3s
4 actionable tasks: 4 executed

==============================
Task PA21/StopCell.java, index: 263
> Task :compileJava
> Task :processResources NO-SOURCE
> Task :classes

> Task :compileTestJava

> Task :processTestResources
> Task :testClasses

> Task :test
Results: SUCCESS (222 tests, 222 successes, 0 failures, 0 skipped)

BUILD SUCCESSFUL in 2s
4 actionable tasks: 4 executed

==============================
Task PA21/StopCell.java, index: 264
> Task :compileJava
> Task :processResources NO-SOURCE
> Task :classes

> Task :compileTestJava

> Task :processTestResources
> Task :testClasses

> Task :test
Results: SUCCESS (222 tests, 222 successes, 0 failures, 0 skipped)

BUILD SUCCESSFUL in 2s
4 actionable tasks: 4 executed

