==============================
Task PA20/Archer.java, index: 0
> Task :compileJava
> Task :processResources NO-SOURCE
> Task :classes
> Task :compileTestJava
> Task :processTestResources NO-SOURCE
> Task :testClasses

> Task :test

MainTests > testPieceBelonging() FAILED
    java.lang.UnsupportedOperationException at MainTests.java:36

MainTests > testInitialBoard1() FAILED
    java.lang.UnsupportedOperationException at MainTests.java:19
Results: FAILURE (49 tests, 40 successes, 2 failures, 7 skipped)

> Task :test FAILED

Deprecated Gradle features were used in this build, making it incompatible with Gradle 9.0.

You can use '--warning-mode all' to show the individual deprecation warnings and determine if they come from your own scripts or plugins.

For more on this, please refer to https://docs.gradle.org/8.2/userguide/command_line_interface.html#sec:command_line_warnings in the Gradle documentation.
3 actionable tasks: 3 executed

==============================
Task PA20/Archer.java, index: 1
> Task :compileJava
> Task :processResources NO-SOURCE
> Task :classes
> Task :compileTestJava
> Task :processTestResources NO-SOURCE
> Task :testClasses

> Task :test

MainTests > testPieceBelonging() FAILED
    java.lang.UnsupportedOperationException at MainTests.java:36

MainTests > testInitialBoard1() FAILED
    java.lang.UnsupportedOperationException at MainTests.java:19
Results: FAILURE (49 tests, 40 successes, 2 failures, 7 skipped)

> Task :test FAILED

Deprecated Gradle features were used in this build, making it incompatible with Gradle 9.0.

You can use '--warning-mode all' to show the individual deprecation warnings and determine if they come from your own scripts or plugins.

For more on this, please refer to https://docs.gradle.org/8.2/userguide/command_line_interface.html#sec:command_line_warnings in the Gradle documentation.
3 actionable tasks: 3 executed

==============================
Task PA20/Archer.java, index: 4
> Task :compileJava
> Task :processResources NO-SOURCE
> Task :classes
> Task :compileTestJava
> Task :processTestResources NO-SOURCE
> Task :testClasses

> Task :test

MainTests > testPieceBelonging() FAILED
    java.lang.UnsupportedOperationException at MainTests.java:36

MainTests > testInitialBoard1() FAILED
    java.lang.UnsupportedOperationException at MainTests.java:19
Results: FAILURE (49 tests, 40 successes, 2 failures, 7 skipped)

> Task :test FAILED

Deprecated Gradle features were used in this build, making it incompatible with Gradle 9.0.

You can use '--warning-mode all' to show the individual deprecation warnings and determine if they come from your own scripts or plugins.

For more on this, please refer to https://docs.gradle.org/8.2/userguide/command_line_interface.html#sec:command_line_warnings in the Gradle documentation.
3 actionable tasks: 3 executed

==============================
Task PA20/Knight.java, index: 24
> Task :compileJava
> Task :processResources NO-SOURCE
> Task :classes
> Task :compileTestJava
> Task :processTestResources NO-SOURCE
> Task :testClasses

> Task :test

IntegratedTestsWithArcherTests > testTieBreak() FAILED
    java.lang.ArrayIndexOutOfBoundsException at IntegratedTestsWithArcherTests.java:141

IntegratedTestsWithArcherTests > testCaptureAllWin() FAILED
    java.lang.ArrayIndexOutOfBoundsException at IntegratedTestsWithArcherTests.java:73

IntegratedTestsWithoutArcherTests > testLeaveCentralPlaceWin() FAILED
    java.lang.ArrayIndexOutOfBoundsException at IntegratedTestsWithoutArcherTests.java:98

IntegratedTestsWithoutArcherTests > testCaptureAllWin() FAILED
    java.lang.ArrayIndexOutOfBoundsException at IntegratedTestsWithoutArcherTests.java:71

FirstNMovesProtectionTests > testWithThenWithoutProtection() FAILED
    org.opentest4j.AssertionFailedError at FirstNMovesProtectionTests.java:58

FirstNMovesProtectionTests > testNoProtection() FAILED
    org.opentest4j.AssertionFailedError at FirstNMovesProtectionTests.java:37

GameMockPlayerIntegratedTests > testCentralPlaceWin() FAILED
    java.lang.ArrayIndexOutOfBoundsException at GameMockPlayerIntegratedTests.java:57

GameMockPlayerIntegratedTests > testCaptureAndCentralPlaceWin() FAILED
    java.lang.ArrayIndexOutOfBoundsException at GameMockPlayerIntegratedTests.java:144

GameTieBreakerTests > testMoveAndDeadlock() FAILED
    java.lang.ArrayIndexOutOfBoundsException at GameTieBreakerTests.java:39

KnightTests > testGetAvailableMovesSimple() FAILED
    java.lang.ArrayIndexOutOfBoundsException at KnightTests.java:47

KnightTests > testGetAvailableMovesCapture() FAILED
    org.opentest4j.AssertionFailedError at KnightTests.java:96

KnightTests > testGetAvailableMovesBlocked() FAILED
    org.opentest4j.AssertionFailedError at KnightTests.java:121
Results: FAILURE (49 tests, 37 successes, 12 failures, 0 skipped)

> Task :test FAILED

Deprecated Gradle features were used in this build, making it incompatible with Gradle 9.0.

You can use '--warning-mode all' to show the individual deprecation warnings and determine if they come from your own scripts or plugins.

For more on this, please refer to https://docs.gradle.org/8.2/userguide/command_line_interface.html#sec:command_line_warnings in the Gradle documentation.
3 actionable tasks: 3 executed

==============================
Task PA20/ArcherMoveRule.java, index: 121
> Task :compileJava
> Task :processResources NO-SOURCE
> Task :classes
> Task :compileTestJava
> Task :processTestResources NO-SOURCE
> Task :testClasses

> Task :test

ArcherTests > testGetAvailableMovesSimple() FAILED
    org.opentest4j.AssertionFailedError at ArcherTests.java:46

ArcherTests > testGetAvailableMovesComplex() FAILED
    org.opentest4j.AssertionFailedError at ArcherTests.java:76
Results: FAILURE (49 tests, 47 successes, 2 failures, 0 skipped)

> Task :test FAILED

Deprecated Gradle features were used in this build, making it incompatible with Gradle 9.0.

You can use '--warning-mode all' to show the individual deprecation warnings and determine if they come from your own scripts or plugins.

For more on this, please refer to https://docs.gradle.org/8.2/userguide/command_line_interface.html#sec:command_line_warnings in the Gradle documentation.
3 actionable tasks: 3 executed

==============================
Task PA20/ArcherMoveRule.java, index: 123
> Task :compileJava
> Task :processResources NO-SOURCE
> Task :classes
> Task :compileTestJava
> Task :processTestResources NO-SOURCE
> Task :testClasses

> Task :test

IntegratedTestsWithArcherTests > testTieBreak() FAILED
    java.lang.ArrayIndexOutOfBoundsException at IntegratedTestsWithArcherTests.java:141

ArcherTests > testGetAvailableMovesSimple() FAILED
    org.opentest4j.AssertionFailedError at ArcherTests.java:46

ArcherTests > testGetAvailableMovesComplex() FAILED
    org.opentest4j.AssertionFailedError at ArcherTests.java:76
Results: FAILURE (49 tests, 46 successes, 3 failures, 0 skipped)

> Task :test FAILED

Deprecated Gradle features were used in this build, making it incompatible with Gradle 9.0.

You can use '--warning-mode all' to show the individual deprecation warnings and determine if they come from your own scripts or plugins.

For more on this, please refer to https://docs.gradle.org/8.2/userguide/command_line_interface.html#sec:command_line_warnings in the Gradle documentation.
3 actionable tasks: 3 executed

==============================
Task PA20/FirstNMovesProtectionRule.java, index: 140
> Task :compileJava
> Task :processResources NO-SOURCE
> Task :classes
> Task :compileTestJava
> Task :processTestResources NO-SOURCE
> Task :testClasses

> Task :test

IntegratedTestsWithArcherTests > testTieBreak() FAILED
    java.lang.ArrayIndexOutOfBoundsException at IntegratedTestsWithArcherTests.java:141

ArcherTests > testGetAvailableMovesComplex() FAILED
    org.opentest4j.AssertionFailedError at ArcherTests.java:76

FirstNMovesProtectionTests > testWithProtection() FAILED
    org.opentest4j.AssertionFailedError at FirstNMovesProtectionTests.java:47

FirstNMovesProtectionTests > testWithThenWithoutProtection() FAILED
    org.opentest4j.AssertionFailedError at FirstNMovesProtectionTests.java:58

FirstNMovesProtectionTests > testNoProtection() FAILED
    org.opentest4j.AssertionFailedError at FirstNMovesProtectionTests.java:37

KnightTests > testGetAvailableMovesCapture() FAILED
    org.opentest4j.AssertionFailedError at KnightTests.java:96
Results: FAILURE (49 tests, 43 successes, 6 failures, 0 skipped)

> Task :test FAILED

Deprecated Gradle features were used in this build, making it incompatible with Gradle 9.0.

You can use '--warning-mode all' to show the individual deprecation warnings and determine if they come from your own scripts or plugins.

For more on this, please refer to https://docs.gradle.org/8.2/userguide/command_line_interface.html#sec:command_line_warnings in the Gradle documentation.
3 actionable tasks: 3 executed

==============================
Task PA20/FirstNMovesProtectionRule.java, index: 142
> Task :compileJava
> Task :processResources NO-SOURCE
> Task :classes
> Task :compileTestJava
> Task :processTestResources NO-SOURCE
> Task :testClasses

> Task :test

IntegratedTestsWithArcherTests > testTieBreak() FAILED
    java.lang.ArrayIndexOutOfBoundsException at IntegratedTestsWithArcherTests.java:141

IntegratedTestsWithArcherTests > testCaptureAllWin() FAILED
    org.opentest4j.AssertionFailedError at IntegratedTestsWithArcherTests.java:75

IntegratedTestsWithoutArcherTests > testLeaveCentralPlaceWin() FAILED
    org.opentest4j.AssertionFailedError at IntegratedTestsWithoutArcherTests.java:99

IntegratedTestsWithoutArcherTests > testCaptureAllWin() FAILED
    org.opentest4j.AssertionFailedError at IntegratedTestsWithoutArcherTests.java:73

ArcherTests > testGetAvailableMovesSimple() FAILED
    org.opentest4j.AssertionFailedError at ArcherTests.java:46

ArcherTests > testGetAvailableMovesComplex() FAILED
    org.opentest4j.AssertionFailedError at ArcherTests.java:76

FirstNMovesProtectionTests > testWithProtection() FAILED
    org.opentest4j.AssertionFailedError at FirstNMovesProtectionTests.java:47

FirstNMovesProtectionTests > testWithThenWithoutProtection() FAILED
    org.opentest4j.AssertionFailedError at FirstNMovesProtectionTests.java:58

FirstNMovesProtectionTests > testNoProtection() FAILED
    org.opentest4j.AssertionFailedError at FirstNMovesProtectionTests.java:37

GameMockPlayerIntegratedTests > testCentralPlaceWin() FAILED
    org.opentest4j.AssertionFailedError at GameMockPlayerIntegratedTests.java:59

GameMockPlayerIntegratedTests > testCaptureAndCentralPlaceWin() FAILED
    org.opentest4j.AssertionFailedError at GameMockPlayerIntegratedTests.java:146

GameTieBreakerTests > testMoveAndDeadlock() FAILED
    org.opentest4j.AssertionFailedError at GameTieBreakerTests.java:40

KnightTests > testGetAvailableMovesSimple() FAILED
    org.opentest4j.AssertionFailedError at KnightTests.java:45

KnightTests > testGetAvailableMovesCapture() FAILED
    org.opentest4j.AssertionFailedError at KnightTests.java:96

KnightTests > testGetAvailableMovesOccupied() FAILED
    org.opentest4j.AssertionFailedError at KnightTests.java:74

KnightTests > testGetAvailableMovesBlocked() FAILED
    org.opentest4j.AssertionFailedError at KnightTests.java:121
Results: FAILURE (49 tests, 33 successes, 16 failures, 0 skipped)

> Task :test FAILED

Deprecated Gradle features were used in this build, making it incompatible with Gradle 9.0.

You can use '--warning-mode all' to show the individual deprecation warnings and determine if they come from your own scripts or plugins.

For more on this, please refer to https://docs.gradle.org/8.2/userguide/command_line_interface.html#sec:command_line_warnings in the Gradle documentation.
3 actionable tasks: 3 executed

==============================
Task PA20/FirstNMovesProtectionRule.java, index: 144
> Task :compileJava
> Task :processResources NO-SOURCE
> Task :classes
> Task :compileTestJava
> Task :processTestResources NO-SOURCE
> Task :testClasses

> Task :test

IntegratedTestsWithArcherTests > testTieBreak() FAILED
    java.lang.ArrayIndexOutOfBoundsException at IntegratedTestsWithArcherTests.java:141

IntegratedTestsWithArcherTests > testCaptureAllWin() FAILED
    org.opentest4j.AssertionFailedError at IntegratedTestsWithArcherTests.java:75

IntegratedTestsWithoutArcherTests > testLeaveCentralPlaceWin() FAILED
    org.opentest4j.AssertionFailedError at IntegratedTestsWithoutArcherTests.java:99

IntegratedTestsWithoutArcherTests > testCaptureAllWin() FAILED
    org.opentest4j.AssertionFailedError at IntegratedTestsWithoutArcherTests.java:73

ArcherTests > testGetAvailableMovesSimple() FAILED
    org.opentest4j.AssertionFailedError at ArcherTests.java:46

ArcherTests > testGetAvailableMovesComplex() FAILED
    org.opentest4j.AssertionFailedError at ArcherTests.java:76

FirstNMovesProtectionTests > testWithProtection() FAILED
    org.opentest4j.AssertionFailedError at FirstNMovesProtectionTests.java:47

FirstNMovesProtectionTests > testWithThenWithoutProtection() FAILED
    org.opentest4j.AssertionFailedError at FirstNMovesProtectionTests.java:58

FirstNMovesProtectionTests > testNoProtection() FAILED
    org.opentest4j.AssertionFailedError at FirstNMovesProtectionTests.java:37

GameMockPlayerIntegratedTests > testCentralPlaceWin() FAILED
    org.opentest4j.AssertionFailedError at GameMockPlayerIntegratedTests.java:59

GameMockPlayerIntegratedTests > testCaptureAndCentralPlaceWin() FAILED
    org.opentest4j.AssertionFailedError at GameMockPlayerIntegratedTests.java:146

GameTieBreakerTests > testMoveAndDeadlock() FAILED
    org.opentest4j.AssertionFailedError at GameTieBreakerTests.java:40

KnightTests > testGetAvailableMovesSimple() FAILED
    org.opentest4j.AssertionFailedError at KnightTests.java:45

KnightTests > testGetAvailableMovesCapture() FAILED
    org.opentest4j.AssertionFailedError at KnightTests.java:96

KnightTests > testGetAvailableMovesOccupied() FAILED
    org.opentest4j.AssertionFailedError at KnightTests.java:74

KnightTests > testGetAvailableMovesBlocked() FAILED
    org.opentest4j.AssertionFailedError at KnightTests.java:121
Results: FAILURE (49 tests, 33 successes, 16 failures, 0 skipped)

> Task :test FAILED

Deprecated Gradle features were used in this build, making it incompatible with Gradle 9.0.

You can use '--warning-mode all' to show the individual deprecation warnings and determine if they come from your own scripts or plugins.

For more on this, please refer to https://docs.gradle.org/8.2/userguide/command_line_interface.html#sec:command_line_warnings in the Gradle documentation.
3 actionable tasks: 3 executed

==============================
Task PA20/KnightBlockRule.java, index: 161
> Task :compileJava
> Task :processResources NO-SOURCE
> Task :classes
> Task :compileTestJava
> Task :processTestResources NO-SOURCE
> Task :testClasses

> Task :test

GameTieBreakerTests > testMoveAndDeadlock() FAILED
    java.lang.ArrayIndexOutOfBoundsException at GameTieBreakerTests.java:39

KnightTests > testGetAvailableMovesBlocked() FAILED
    org.opentest4j.AssertionFailedError at KnightTests.java:121
Results: FAILURE (49 tests, 47 successes, 2 failures, 0 skipped)

> Task :test FAILED

Deprecated Gradle features were used in this build, making it incompatible with Gradle 9.0.

You can use '--warning-mode all' to show the individual deprecation warnings and determine if they come from your own scripts or plugins.

For more on this, please refer to https://docs.gradle.org/8.2/userguide/command_line_interface.html#sec:command_line_warnings in the Gradle documentation.
3 actionable tasks: 3 executed

==============================
Task PA20/KnightBlockRule.java, index: 162
> Task :compileJava
> Task :processResources NO-SOURCE
> Task :classes
> Task :compileTestJava
> Task :processTestResources NO-SOURCE
> Task :testClasses

> Task :test

IntegratedTestsWithArcherTests > testTieBreak() FAILED
    org.opentest4j.AssertionFailedError at IntegratedTestsWithArcherTests.java:142

IntegratedTestsWithArcherTests > testCaptureAllWin() FAILED
    org.opentest4j.AssertionFailedError at IntegratedTestsWithArcherTests.java:74

IntegratedTestsWithoutArcherTests > testLeaveCentralPlaceWin() FAILED
    org.opentest4j.AssertionFailedError at IntegratedTestsWithoutArcherTests.java:99

IntegratedTestsWithoutArcherTests > testCaptureAllWin() FAILED
    org.opentest4j.AssertionFailedError at IntegratedTestsWithoutArcherTests.java:73

FirstNMovesProtectionTests > testWithThenWithoutProtection() FAILED
    org.opentest4j.AssertionFailedError at FirstNMovesProtectionTests.java:58

FirstNMovesProtectionTests > testNoProtection() FAILED
    org.opentest4j.AssertionFailedError at FirstNMovesProtectionTests.java:37

GameMockPlayerIntegratedTests > testCentralPlaceWin() FAILED
    org.opentest4j.AssertionFailedError at GameMockPlayerIntegratedTests.java:59

GameMockPlayerIntegratedTests > testCaptureAndCentralPlaceWin() FAILED
    org.opentest4j.AssertionFailedError at GameMockPlayerIntegratedTests.java:146

GameTieBreakerTests > testMoveAndDeadlock() FAILED
    org.opentest4j.AssertionFailedError at GameTieBreakerTests.java:41

KnightTests > testGetAvailableMovesSimple() FAILED
    org.opentest4j.AssertionFailedError at KnightTests.java:45

KnightTests > testGetAvailableMovesCapture() FAILED
    org.opentest4j.AssertionFailedError at KnightTests.java:96

KnightTests > testGetAvailableMovesOccupied() FAILED
    org.opentest4j.AssertionFailedError at KnightTests.java:74

KnightTests > testGetAvailableMovesBlocked() FAILED
    org.opentest4j.AssertionFailedError at KnightTests.java:121
Results: FAILURE (49 tests, 36 successes, 13 failures, 0 skipped)

> Task :test FAILED

Deprecated Gradle features were used in this build, making it incompatible with Gradle 9.0.

You can use '--warning-mode all' to show the individual deprecation warnings and determine if they come from your own scripts or plugins.

For more on this, please refer to https://docs.gradle.org/8.2/userguide/command_line_interface.html#sec:command_line_warnings in the Gradle documentation.
3 actionable tasks: 3 executed

==============================
Task PA20/KnightBlockRule.java, index: 163
> Task :compileJava
> Task :processResources NO-SOURCE
> Task :classes
> Task :compileTestJava
> Task :processTestResources NO-SOURCE
> Task :testClasses

> Task :test

GameTieBreakerTests > testMoveAndDeadlock() FAILED
    java.lang.ArrayIndexOutOfBoundsException at GameTieBreakerTests.java:39

KnightTests > testGetAvailableMovesBlocked() FAILED
    org.opentest4j.AssertionFailedError at KnightTests.java:121
Results: FAILURE (49 tests, 47 successes, 2 failures, 0 skipped)

> Task :test FAILED

Deprecated Gradle features were used in this build, making it incompatible with Gradle 9.0.

You can use '--warning-mode all' to show the individual deprecation warnings and determine if they come from your own scripts or plugins.

For more on this, please refer to https://docs.gradle.org/8.2/userguide/command_line_interface.html#sec:command_line_warnings in the Gradle documentation.
3 actionable tasks: 3 executed

==============================
Task PA20/KnightBlockRule.java, index: 164
> Task :compileJava
> Task :processResources NO-SOURCE
> Task :classes
> Task :compileTestJava
> Task :processTestResources NO-SOURCE
> Task :testClasses

> Task :test

IntegratedTestsWithArcherTests > testTieBreak() FAILED
    org.opentest4j.AssertionFailedError at IntegratedTestsWithArcherTests.java:142

IntegratedTestsWithoutArcherTests > testLeaveCentralPlaceWin() FAILED
    org.opentest4j.AssertionFailedError at IntegratedTestsWithoutArcherTests.java:99

IntegratedTestsWithoutArcherTests > testCaptureAllWin() FAILED
    org.opentest4j.AssertionFailedError at IntegratedTestsWithoutArcherTests.java:73

GameMockPlayerIntegratedTests > testCentralPlaceWin() FAILED
    org.opentest4j.AssertionFailedError at GameMockPlayerIntegratedTests.java:59

GameMockPlayerIntegratedTests > testCaptureAndCentralPlaceWin() FAILED
    org.opentest4j.AssertionFailedError at GameMockPlayerIntegratedTests.java:146

GameTieBreakerTests > testMoveAndDeadlock() FAILED
    org.opentest4j.AssertionFailedError at GameTieBreakerTests.java:41

KnightTests > testGetAvailableMovesSimple() FAILED
    org.opentest4j.AssertionFailedError at KnightTests.java:45

KnightTests > testGetAvailableMovesCapture() FAILED
    org.opentest4j.AssertionFailedError at KnightTests.java:96

KnightTests > testGetAvailableMovesOccupied() FAILED
    org.opentest4j.AssertionFailedError at KnightTests.java:74

KnightTests > testGetAvailableMovesBlocked() FAILED
    org.opentest4j.AssertionFailedError at KnightTests.java:121
Results: FAILURE (49 tests, 39 successes, 10 failures, 0 skipped)

> Task :test FAILED

Deprecated Gradle features were used in this build, making it incompatible with Gradle 9.0.

You can use '--warning-mode all' to show the individual deprecation warnings and determine if they come from your own scripts or plugins.

For more on this, please refer to https://docs.gradle.org/8.2/userguide/command_line_interface.html#sec:command_line_warnings in the Gradle documentation.
3 actionable tasks: 3 executed

==============================
Task PA20/KnightMoveRule.java, index: 180
> Task :compileJava
> Task :processResources NO-SOURCE
> Task :classes
> Task :compileTestJava
> Task :processTestResources NO-SOURCE
> Task :testClasses

> Task :test
Results: SUCCESS (49 tests, 49 successes, 0 failures, 0 skipped)

Deprecated Gradle features were used in this build, making it incompatible with Gradle 9.0.

You can use '--warning-mode all' to show the individual deprecation warnings and determine if they come from your own scripts or plugins.

For more on this, please refer to https://docs.gradle.org/8.2/userguide/command_line_interface.html#sec:command_line_warnings in the Gradle documentation.

BUILD SUCCESSFUL in 13s
3 actionable tasks: 3 executed

==============================
Task PA20/KnightMoveRule.java, index: 181
> Task :compileJava
> Task :processResources NO-SOURCE
> Task :classes
> Task :compileTestJava
> Task :processTestResources NO-SOURCE
> Task :testClasses

> Task :test
Results: SUCCESS (49 tests, 49 successes, 0 failures, 0 skipped)

Deprecated Gradle features were used in this build, making it incompatible with Gradle 9.0.

You can use '--warning-mode all' to show the individual deprecation warnings and determine if they come from your own scripts or plugins.

For more on this, please refer to https://docs.gradle.org/8.2/userguide/command_line_interface.html#sec:command_line_warnings in the Gradle documentation.

BUILD SUCCESSFUL in 11s
3 actionable tasks: 3 executed

==============================
Task PA20/KnightMoveRule.java, index: 182
> Task :compileJava
> Task :processResources NO-SOURCE
> Task :classes
> Task :compileTestJava
> Task :processTestResources NO-SOURCE
> Task :testClasses

> Task :test
Results: SUCCESS (49 tests, 49 successes, 0 failures, 0 skipped)

Deprecated Gradle features were used in this build, making it incompatible with Gradle 9.0.

You can use '--warning-mode all' to show the individual deprecation warnings and determine if they come from your own scripts or plugins.

For more on this, please refer to https://docs.gradle.org/8.2/userguide/command_line_interface.html#sec:command_line_warnings in the Gradle documentation.

BUILD SUCCESSFUL in 11s
3 actionable tasks: 3 executed

==============================
Task PA20/KnightMoveRule.java, index: 183
> Task :compileJava
> Task :processResources NO-SOURCE
> Task :classes
> Task :compileTestJava
> Task :processTestResources NO-SOURCE
> Task :testClasses

> Task :test
Results: SUCCESS (49 tests, 49 successes, 0 failures, 0 skipped)

Deprecated Gradle features were used in this build, making it incompatible with Gradle 9.0.

You can use '--warning-mode all' to show the individual deprecation warnings and determine if they come from your own scripts or plugins.

For more on this, please refer to https://docs.gradle.org/8.2/userguide/command_line_interface.html#sec:command_line_warnings in the Gradle documentation.

BUILD SUCCESSFUL in 10s
3 actionable tasks: 3 executed

==============================
Task PA20/KnightMoveRule.java, index: 184
> Task :compileJava
> Task :processResources NO-SOURCE
> Task :classes
> Task :compileTestJava
> Task :processTestResources NO-SOURCE
> Task :testClasses

> Task :test
Results: SUCCESS (49 tests, 49 successes, 0 failures, 0 skipped)

Deprecated Gradle features were used in this build, making it incompatible with Gradle 9.0.

You can use '--warning-mode all' to show the individual deprecation warnings and determine if they come from your own scripts or plugins.

For more on this, please refer to https://docs.gradle.org/8.2/userguide/command_line_interface.html#sec:command_line_warnings in the Gradle documentation.

BUILD SUCCESSFUL in 8s
3 actionable tasks: 3 executed

==============================
Task PA20/NilMoveRule.java, index: 200
> Task :compileJava
> Task :processResources NO-SOURCE
> Task :classes
> Task :compileTestJava
> Task :processTestResources NO-SOURCE
> Task :testClasses

> Task :test
Results: SUCCESS (49 tests, 49 successes, 0 failures, 0 skipped)

Deprecated Gradle features were used in this build, making it incompatible with Gradle 9.0.

You can use '--warning-mode all' to show the individual deprecation warnings and determine if they come from your own scripts or plugins.

For more on this, please refer to https://docs.gradle.org/8.2/userguide/command_line_interface.html#sec:command_line_warnings in the Gradle documentation.

BUILD SUCCESSFUL in 10s
3 actionable tasks: 3 executed

==============================
Task PA20/NilMoveRule.java, index: 201
> Task :compileJava
> Task :processResources NO-SOURCE
> Task :classes
> Task :compileTestJava
> Task :processTestResources NO-SOURCE
> Task :testClasses

> Task :test
Results: SUCCESS (49 tests, 49 successes, 0 failures, 0 skipped)

Deprecated Gradle features were used in this build, making it incompatible with Gradle 9.0.

You can use '--warning-mode all' to show the individual deprecation warnings and determine if they come from your own scripts or plugins.

For more on this, please refer to https://docs.gradle.org/8.2/userguide/command_line_interface.html#sec:command_line_warnings in the Gradle documentation.

BUILD SUCCESSFUL in 8s
3 actionable tasks: 3 executed

==============================
Task PA20/NilMoveRule.java, index: 202
> Task :compileJava
> Task :processResources NO-SOURCE
> Task :classes
> Task :compileTestJava
> Task :processTestResources NO-SOURCE
> Task :testClasses

> Task :test
Results: SUCCESS (49 tests, 49 successes, 0 failures, 0 skipped)

Deprecated Gradle features were used in this build, making it incompatible with Gradle 9.0.

You can use '--warning-mode all' to show the individual deprecation warnings and determine if they come from your own scripts or plugins.

For more on this, please refer to https://docs.gradle.org/8.2/userguide/command_line_interface.html#sec:command_line_warnings in the Gradle documentation.

BUILD SUCCESSFUL in 8s
3 actionable tasks: 3 executed

==============================
Task PA20/NilMoveRule.java, index: 203
> Task :compileJava
> Task :processResources NO-SOURCE
> Task :classes
> Task :compileTestJava
> Task :processTestResources NO-SOURCE
> Task :testClasses

> Task :test
Results: SUCCESS (49 tests, 49 successes, 0 failures, 0 skipped)

Deprecated Gradle features were used in this build, making it incompatible with Gradle 9.0.

You can use '--warning-mode all' to show the individual deprecation warnings and determine if they come from your own scripts or plugins.

For more on this, please refer to https://docs.gradle.org/8.2/userguide/command_line_interface.html#sec:command_line_warnings in the Gradle documentation.

BUILD SUCCESSFUL in 8s
3 actionable tasks: 3 executed

==============================
Task PA20/NilMoveRule.java, index: 204
> Task :compileJava
> Task :processResources NO-SOURCE
> Task :classes
> Task :compileTestJava
> Task :processTestResources NO-SOURCE
> Task :testClasses

> Task :test
Results: SUCCESS (49 tests, 49 successes, 0 failures, 0 skipped)

Deprecated Gradle features were used in this build, making it incompatible with Gradle 9.0.

You can use '--warning-mode all' to show the individual deprecation warnings and determine if they come from your own scripts or plugins.

For more on this, please refer to https://docs.gradle.org/8.2/userguide/command_line_interface.html#sec:command_line_warnings in the Gradle documentation.

BUILD SUCCESSFUL in 7s
3 actionable tasks: 3 executed

==============================
Task PA20/OccupiedRule.java, index: 220
> Task :compileJava
> Task :processResources NO-SOURCE
> Task :classes
> Task :compileTestJava
> Task :processTestResources NO-SOURCE
> Task :testClasses

> Task :test
Results: SUCCESS (49 tests, 49 successes, 0 failures, 0 skipped)

Deprecated Gradle features were used in this build, making it incompatible with Gradle 9.0.

You can use '--warning-mode all' to show the individual deprecation warnings and determine if they come from your own scripts or plugins.

For more on this, please refer to https://docs.gradle.org/8.2/userguide/command_line_interface.html#sec:command_line_warnings in the Gradle documentation.

BUILD SUCCESSFUL in 8s
3 actionable tasks: 3 executed

==============================
Task PA20/OccupiedRule.java, index: 221
> Task :compileJava
> Task :processResources NO-SOURCE
> Task :classes
> Task :compileTestJava
> Task :processTestResources NO-SOURCE
> Task :testClasses

> Task :test
Results: SUCCESS (49 tests, 49 successes, 0 failures, 0 skipped)

Deprecated Gradle features were used in this build, making it incompatible with Gradle 9.0.

You can use '--warning-mode all' to show the individual deprecation warnings and determine if they come from your own scripts or plugins.

For more on this, please refer to https://docs.gradle.org/8.2/userguide/command_line_interface.html#sec:command_line_warnings in the Gradle documentation.

BUILD SUCCESSFUL in 8s
3 actionable tasks: 3 executed

==============================
Task PA20/OccupiedRule.java, index: 222
> Task :compileJava
> Task :processResources NO-SOURCE
> Task :classes
> Task :compileTestJava
> Task :processTestResources NO-SOURCE
> Task :testClasses

> Task :test
Results: SUCCESS (49 tests, 49 successes, 0 failures, 0 skipped)

Deprecated Gradle features were used in this build, making it incompatible with Gradle 9.0.

You can use '--warning-mode all' to show the individual deprecation warnings and determine if they come from your own scripts or plugins.

For more on this, please refer to https://docs.gradle.org/8.2/userguide/command_line_interface.html#sec:command_line_warnings in the Gradle documentation.

BUILD SUCCESSFUL in 9s
3 actionable tasks: 3 executed

==============================
Task PA20/OccupiedRule.java, index: 223
> Task :compileJava
> Task :processResources NO-SOURCE
> Task :classes
> Task :compileTestJava
> Task :processTestResources NO-SOURCE
> Task :testClasses

> Task :test
Results: SUCCESS (49 tests, 49 successes, 0 failures, 0 skipped)

Deprecated Gradle features were used in this build, making it incompatible with Gradle 9.0.

You can use '--warning-mode all' to show the individual deprecation warnings and determine if they come from your own scripts or plugins.

For more on this, please refer to https://docs.gradle.org/8.2/userguide/command_line_interface.html#sec:command_line_warnings in the Gradle documentation.

BUILD SUCCESSFUL in 9s
3 actionable tasks: 3 executed

==============================
Task PA20/OccupiedRule.java, index: 224
> Task :compileJava
> Task :processResources NO-SOURCE
> Task :classes
> Task :compileTestJava
> Task :processTestResources NO-SOURCE
> Task :testClasses

> Task :test
Results: SUCCESS (49 tests, 49 successes, 0 failures, 0 skipped)

Deprecated Gradle features were used in this build, making it incompatible with Gradle 9.0.

You can use '--warning-mode all' to show the individual deprecation warnings and determine if they come from your own scripts or plugins.

For more on this, please refer to https://docs.gradle.org/8.2/userguide/command_line_interface.html#sec:command_line_warnings in the Gradle documentation.

BUILD SUCCESSFUL in 9s
3 actionable tasks: 3 executed

==============================
Task PA20/OutOfBoundaryRule.java, index: 240
> Task :compileJava
> Task :processResources NO-SOURCE
> Task :classes
> Task :compileTestJava
> Task :processTestResources NO-SOURCE
> Task :testClasses

> Task :test
Results: SUCCESS (49 tests, 49 successes, 0 failures, 0 skipped)

Deprecated Gradle features were used in this build, making it incompatible with Gradle 9.0.

You can use '--warning-mode all' to show the individual deprecation warnings and determine if they come from your own scripts or plugins.

For more on this, please refer to https://docs.gradle.org/8.2/userguide/command_line_interface.html#sec:command_line_warnings in the Gradle documentation.

BUILD SUCCESSFUL in 7s
3 actionable tasks: 3 executed

==============================
Task PA20/OutOfBoundaryRule.java, index: 241
> Task :compileJava
> Task :processResources NO-SOURCE
> Task :classes
> Task :compileTestJava
> Task :processTestResources NO-SOURCE
> Task :testClasses

> Task :test
Results: SUCCESS (49 tests, 49 successes, 0 failures, 0 skipped)

Deprecated Gradle features were used in this build, making it incompatible with Gradle 9.0.

You can use '--warning-mode all' to show the individual deprecation warnings and determine if they come from your own scripts or plugins.

For more on this, please refer to https://docs.gradle.org/8.2/userguide/command_line_interface.html#sec:command_line_warnings in the Gradle documentation.

BUILD SUCCESSFUL in 10s
3 actionable tasks: 3 executed

==============================
Task PA20/OutOfBoundaryRule.java, index: 242
> Task :compileJava
> Task :processResources NO-SOURCE
> Task :classes
> Task :compileTestJava
> Task :processTestResources NO-SOURCE
> Task :testClasses

> Task :test
Results: SUCCESS (49 tests, 49 successes, 0 failures, 0 skipped)

Deprecated Gradle features were used in this build, making it incompatible with Gradle 9.0.

You can use '--warning-mode all' to show the individual deprecation warnings and determine if they come from your own scripts or plugins.

For more on this, please refer to https://docs.gradle.org/8.2/userguide/command_line_interface.html#sec:command_line_warnings in the Gradle documentation.

BUILD SUCCESSFUL in 10s
3 actionable tasks: 3 executed

==============================
Task PA20/OutOfBoundaryRule.java, index: 243
> Task :compileJava
> Task :processResources NO-SOURCE
> Task :classes
> Task :compileTestJava
> Task :processTestResources NO-SOURCE
> Task :testClasses

> Task :test
Results: SUCCESS (49 tests, 49 successes, 0 failures, 0 skipped)

Deprecated Gradle features were used in this build, making it incompatible with Gradle 9.0.

You can use '--warning-mode all' to show the individual deprecation warnings and determine if they come from your own scripts or plugins.

For more on this, please refer to https://docs.gradle.org/8.2/userguide/command_line_interface.html#sec:command_line_warnings in the Gradle documentation.

BUILD SUCCESSFUL in 10s
3 actionable tasks: 3 executed

==============================
Task PA20/OutOfBoundaryRule.java, index: 244
> Task :compileJava
> Task :processResources NO-SOURCE
> Task :classes
> Task :compileTestJava
> Task :processTestResources NO-SOURCE
> Task :testClasses

> Task :test
Results: SUCCESS (49 tests, 49 successes, 0 failures, 0 skipped)

Deprecated Gradle features were used in this build, making it incompatible with Gradle 9.0.

You can use '--warning-mode all' to show the individual deprecation warnings and determine if they come from your own scripts or plugins.

For more on this, please refer to https://docs.gradle.org/8.2/userguide/command_line_interface.html#sec:command_line_warnings in the Gradle documentation.

BUILD SUCCESSFUL in 8s
3 actionable tasks: 3 executed

==============================
Task PA20/VacantRule.java, index: 260
> Task :compileJava
> Task :processResources NO-SOURCE
> Task :classes
> Task :compileTestJava
> Task :processTestResources NO-SOURCE
> Task :testClasses

> Task :test
Results: SUCCESS (49 tests, 49 successes, 0 failures, 0 skipped)

Deprecated Gradle features were used in this build, making it incompatible with Gradle 9.0.

You can use '--warning-mode all' to show the individual deprecation warnings and determine if they come from your own scripts or plugins.

For more on this, please refer to https://docs.gradle.org/8.2/userguide/command_line_interface.html#sec:command_line_warnings in the Gradle documentation.

BUILD SUCCESSFUL in 8s
3 actionable tasks: 3 executed

==============================
Task PA20/VacantRule.java, index: 261
> Task :compileJava
> Task :processResources NO-SOURCE
> Task :classes
> Task :compileTestJava
> Task :processTestResources NO-SOURCE
> Task :testClasses

> Task :test
Results: SUCCESS (49 tests, 49 successes, 0 failures, 0 skipped)

Deprecated Gradle features were used in this build, making it incompatible with Gradle 9.0.

You can use '--warning-mode all' to show the individual deprecation warnings and determine if they come from your own scripts or plugins.

For more on this, please refer to https://docs.gradle.org/8.2/userguide/command_line_interface.html#sec:command_line_warnings in the Gradle documentation.

BUILD SUCCESSFUL in 7s
3 actionable tasks: 3 executed

==============================
Task PA20/VacantRule.java, index: 262
> Task :compileJava
> Task :processResources NO-SOURCE
> Task :classes
> Task :compileTestJava
> Task :processTestResources NO-SOURCE
> Task :testClasses

> Task :test
Results: SUCCESS (49 tests, 49 successes, 0 failures, 0 skipped)

Deprecated Gradle features were used in this build, making it incompatible with Gradle 9.0.

You can use '--warning-mode all' to show the individual deprecation warnings and determine if they come from your own scripts or plugins.

For more on this, please refer to https://docs.gradle.org/8.2/userguide/command_line_interface.html#sec:command_line_warnings in the Gradle documentation.

BUILD SUCCESSFUL in 7s
3 actionable tasks: 3 executed

==============================
Task PA20/VacantRule.java, index: 263
> Task :compileJava
> Task :processResources NO-SOURCE
> Task :classes
> Task :compileTestJava
> Task :processTestResources NO-SOURCE
> Task :testClasses

> Task :test
Results: SUCCESS (49 tests, 49 successes, 0 failures, 0 skipped)

Deprecated Gradle features were used in this build, making it incompatible with Gradle 9.0.

You can use '--warning-mode all' to show the individual deprecation warnings and determine if they come from your own scripts or plugins.

For more on this, please refer to https://docs.gradle.org/8.2/userguide/command_line_interface.html#sec:command_line_warnings in the Gradle documentation.

BUILD SUCCESSFUL in 7s
3 actionable tasks: 3 executed

==============================
Task PA20/VacantRule.java, index: 264
> Task :compileJava
> Task :processResources NO-SOURCE
> Task :classes
> Task :compileTestJava
> Task :processTestResources NO-SOURCE
> Task :testClasses

> Task :test
Results: SUCCESS (49 tests, 49 successes, 0 failures, 0 skipped)

Deprecated Gradle features were used in this build, making it incompatible with Gradle 9.0.

You can use '--warning-mode all' to show the individual deprecation warnings and determine if they come from your own scripts or plugins.

For more on this, please refer to https://docs.gradle.org/8.2/userguide/command_line_interface.html#sec:command_line_warnings in the Gradle documentation.

BUILD SUCCESSFUL in 7s
3 actionable tasks: 3 executed

