==============================
Task PA22/Move.java, index: 0
> Task :compileJava
> Task :processResources
> Task :classes
> Task :compileTestJava
> Task :processTestResources
> Task :testClasses

> Task :test

AbstractSokobanGameTest > testShouldStopWhenWin() FAILED
    java.util.concurrent.TimeoutException at TimeoutExceptionFactory.java:29
Results: FAILURE (70 tests, 69 successes, 1 failures, 0 skipped)

> Task :test FAILED

Deprecated Gradle features were used in this build, making it incompatible with Gradle 8.0.

You can use '--warning-mode all' to show the individual deprecation warnings and determine if they come from your own scripts or plugins.

See https://docs.gradle.org/7.5/userguide/command_line_interface.html#sec:command_line_warnings
5 actionable tasks: 5 executed

==============================
Task PA22/Move.java, index: 1
> Task :compileJava
> Task :processResources
> Task :classes
> Task :compileTestJava
> Task :processTestResources
> Task :testClasses

> Task :test

AbstractSokobanGameTest > testShouldStopWhenWin() FAILED
    java.util.concurrent.TimeoutException at TimeoutExceptionFactory.java:29
Results: FAILURE (70 tests, 69 successes, 1 failures, 0 skipped)

> Task :test FAILED

Deprecated Gradle features were used in this build, making it incompatible with Gradle 8.0.

You can use '--warning-mode all' to show the individual deprecation warnings and determine if they come from your own scripts or plugins.

See https://docs.gradle.org/7.5/userguide/command_line_interface.html#sec:command_line_warnings
5 actionable tasks: 5 executed

==============================
Task PA22/Move.java, index: 2
> Task :compileJava
> Task :processResources
> Task :classes
> Task :compileTestJava
> Task :processTestResources
> Task :testClasses

> Task :test
Results: SUCCESS (70 tests, 70 successes, 0 failures, 0 skipped)

Deprecated Gradle features were used in this build, making it incompatible with Gradle 8.0.

You can use '--warning-mode all' to show the individual deprecation warnings and determine if they come from your own scripts or plugins.

See https://docs.gradle.org/7.5/userguide/command_line_interface.html#sec:command_line_warnings

BUILD SUCCESSFUL in 30s
5 actionable tasks: 5 executed

==============================
Task PA22/Move.java, index: 3
> Task :compileJava
> Task :processResources
> Task :classes
> Task :compileTestJava
> Task :processTestResources
> Task :testClasses

> Task :test

AbstractSokobanGameTest > testShouldStopWhenWin() FAILED
    java.util.concurrent.TimeoutException at TimeoutExceptionFactory.java:29
Results: FAILURE (70 tests, 69 successes, 1 failures, 0 skipped)

> Task :test FAILED

Deprecated Gradle features were used in this build, making it incompatible with Gradle 8.0.

You can use '--warning-mode all' to show the individual deprecation warnings and determine if they come from your own scripts or plugins.

See https://docs.gradle.org/7.5/userguide/command_line_interface.html#sec:command_line_warnings
5 actionable tasks: 5 executed

==============================
Task PA22/Move.java, index: 4
> Task :compileJava
> Task :processResources
> Task :classes
> Task :compileTestJava
> Task :processTestResources
> Task :testClasses

> Task :test

AbstractSokobanGameTest > testShouldStopWhenWin() FAILED
    java.util.concurrent.TimeoutException at TimeoutExceptionFactory.java:29
Results: FAILURE (70 tests, 69 successes, 1 failures, 0 skipped)

> Task :test FAILED

Deprecated Gradle features were used in this build, making it incompatible with Gradle 8.0.

You can use '--warning-mode all' to show the individual deprecation warnings and determine if they come from your own scripts or plugins.

See https://docs.gradle.org/7.5/userguide/command_line_interface.html#sec:command_line_warnings
5 actionable tasks: 5 executed

==============================
Task PA22/GameMap.java, index: 21
> Task :compileJava
> Task :processResources
> Task :classes
> Task :compileTestJava
> Task :processTestResources
> Task :testClasses

> Task :test

SokobanGameFactoryTest > testLoadFromFile() FAILED
    java.lang.IllegalArgumentException at SokobanGameFactoryTest.java:37

SokobanTest > mainLoop() FAILED
    java.lang.IllegalArgumentException at SokobanTest.java:29

AbstractSokobanGameTest > testShouldStopWhenWin() FAILED
    java.util.concurrent.TimeoutException at TimeoutExceptionFactory.java:29

AbstractSokobanGameTest > testCheckpointWhenNeed() FAILED
    java.lang.IllegalArgumentException at AbstractSokobanGameTest.java:247

AbstractSokobanGameTest > testCheckpointWhenNotNeed() FAILED
    java.lang.IllegalArgumentException at AbstractSokobanGameTest.java:266

GameMapTest > testBoxParsing() FAILED
    java.lang.IllegalArgumentException at GameMapTest.java:75

GameMapTest > testUndoLimitParsing() FAILED
    java.lang.IllegalArgumentException at GameMapTest.java:124

GameMapTest > testWidthForNonRectangularMap() FAILED
    java.lang.IllegalArgumentException at GameMapTest.java:110

GameMapTest > testPlayerParsing() FAILED
    java.lang.IllegalArgumentException at GameMapTest.java:66

GameMapTest > testHeightForNonRectangularMap() FAILED
    java.lang.IllegalArgumentException at GameMapTest.java:117

GameMapTest > testHeightForRectangularMap() FAILED
    java.lang.IllegalArgumentException at GameMapTest.java:44

GameMapTest > testWidthForRectangularMap() FAILED
    java.lang.IllegalArgumentException at GameMapTest.java:37

GameMapTest > testGetDestinations() FAILED
    java.lang.IllegalArgumentException at GameMapTest.java:51

GameMapTest > testWallParsing() FAILED
    java.lang.IllegalArgumentException at GameMapTest.java:59

GameMapTest > testGetEntity() FAILED
    java.lang.IllegalArgumentException at GameMapTest.java:91

GameMapTest > testEmptyCellParsing() FAILED
    java.lang.IllegalArgumentException at GameMapTest.java:84

GameStateTest > testWin() FAILED
    java.lang.IllegalArgumentException at GameStateTest.java:72

GameStateTest > testMove() FAILED
    java.lang.IllegalArgumentException at GameStateTest.java:89

GameStateTest > testUndoWhenThereIsNoMove() FAILED
    java.lang.IllegalArgumentException at GameStateTest.java:193

GameStateTest > testGetUndoUnlimited() FAILED
    java.lang.IllegalArgumentException at GameStateTest.java:138

GameStateTest > testPushBox() FAILED
    java.lang.IllegalArgumentException at GameStateTest.java:105

GameStateTest > testGetUndoLimit() FAILED
    java.lang.IllegalArgumentException at GameStateTest.java:124

GameStateTest > testAllPlayerIds() FAILED
    org.opentest4j.AssertionFailedError at GameStateTest.java:66

GameStateTest > testUndoWhenThereIsMoveButNoCheckpoint() FAILED
    java.lang.IllegalArgumentException at GameStateTest.java:175

GameStateTest > testUndoWhenThereIsCheckpoint() FAILED
    java.lang.IllegalArgumentException at GameStateTest.java:152

TerminalRenderingEngineTest > testRender() FAILED
    java.lang.IllegalArgumentException at TerminalRenderingEngineTest.java:46
Results: FAILURE (70 tests, 44 successes, 26 failures, 0 skipped)

> Task :test FAILED

Deprecated Gradle features were used in this build, making it incompatible with Gradle 8.0.

You can use '--warning-mode all' to show the individual deprecation warnings and determine if they come from your own scripts or plugins.

See https://docs.gradle.org/7.5/userguide/command_line_interface.html#sec:command_line_warnings
5 actionable tasks: 5 executed

==============================
Task PA22/TerminalRenderingEngine.java, index: 81
> Task :compileJava
> Task :processResources
> Task :classes
> Task :compileTestJava
> Task :processTestResources
> Task :testClasses

> Task :test

SokobanTest > mainLoop() FAILED
    java.lang.UnsupportedOperationException at SokobanTest.java:29

TerminalRenderingEngineTest > testRender() FAILED
    java.lang.UnsupportedOperationException at TerminalRenderingEngineTest.java:50
Results: FAILURE (70 tests, 68 successes, 2 failures, 0 skipped)

> Task :test FAILED

Deprecated Gradle features were used in this build, making it incompatible with Gradle 8.0.

You can use '--warning-mode all' to show the individual deprecation warnings and determine if they come from your own scripts or plugins.

See https://docs.gradle.org/7.5/userguide/command_line_interface.html#sec:command_line_warnings
5 actionable tasks: 5 executed

==============================
Task PA22/TerminalRenderingEngine.java, index: 82
> Task :compileJava
> Task :processResources
> Task :classes
> Task :compileTestJava
> Task :processTestResources
> Task :testClasses

> Task :test

SokobanTest > mainLoop() FAILED
    java.lang.UnsupportedOperationException at SokobanTest.java:29

AbstractSokobanGameTest > testShouldStopWhenWin() FAILED
    java.util.concurrent.TimeoutException at TimeoutExceptionFactory.java:29

TerminalRenderingEngineTest > testRender() FAILED
    java.lang.UnsupportedOperationException at TerminalRenderingEngineTest.java:50
Results: FAILURE (70 tests, 67 successes, 3 failures, 0 skipped)

> Task :test FAILED

Deprecated Gradle features were used in this build, making it incompatible with Gradle 8.0.

You can use '--warning-mode all' to show the individual deprecation warnings and determine if they come from your own scripts or plugins.

See https://docs.gradle.org/7.5/userguide/command_line_interface.html#sec:command_line_warnings
5 actionable tasks: 5 executed

==============================
Task PA22/TerminalRenderingEngine.java, index: 83
> Task :compileJava
> Task :processResources
> Task :classes
> Task :compileTestJava
> Task :processTestResources
> Task :testClasses

> Task :test

SokobanTest > mainLoop() FAILED
    java.lang.UnsupportedOperationException at SokobanTest.java:29

TerminalRenderingEngineTest > testRender() FAILED
    java.lang.UnsupportedOperationException at TerminalRenderingEngineTest.java:50
Results: FAILURE (70 tests, 68 successes, 2 failures, 0 skipped)

> Task :test FAILED

Deprecated Gradle features were used in this build, making it incompatible with Gradle 8.0.

You can use '--warning-mode all' to show the individual deprecation warnings and determine if they come from your own scripts or plugins.

See https://docs.gradle.org/7.5/userguide/command_line_interface.html#sec:command_line_warnings
5 actionable tasks: 5 executed

==============================
Task PA22/TerminalRenderingEngine.java, index: 84
> Task :compileJava
> Task :processResources
> Task :classes
> Task :compileTestJava
> Task :processTestResources
> Task :testClasses

> Task :test

SokobanTest > mainLoop() FAILED
    java.lang.UnsupportedOperationException at SokobanTest.java:29

TerminalRenderingEngineTest > testRender() FAILED
    java.lang.UnsupportedOperationException at TerminalRenderingEngineTest.java:50
Results: FAILURE (70 tests, 68 successes, 2 failures, 0 skipped)

> Task :test FAILED

Deprecated Gradle features were used in this build, making it incompatible with Gradle 8.0.

You can use '--warning-mode all' to show the individual deprecation warnings and determine if they come from your own scripts or plugins.

See https://docs.gradle.org/7.5/userguide/command_line_interface.html#sec:command_line_warnings
5 actionable tasks: 5 executed

==============================
Task PA22/GameState.java, index: 120
> Task :compileJava
> Task :processResources
> Task :classes
> Task :compileTestJava
> Task :processTestResources
> Task :testClasses

> Task :test

SokobanTest > mainLoop() FAILED
    java.lang.IllegalArgumentException at SokobanTest.java:29

AbstractSokobanGameTest > testMove() FAILED
    java.lang.IllegalArgumentException at AbstractSokobanGameTest.java:98

AbstractSokobanGameTest > testPushOtherPlayerBox() FAILED
    java.lang.IllegalArgumentException at AbstractSokobanGameTest.java:205

AbstractSokobanGameTest > testPushBox() FAILED
    java.lang.IllegalArgumentException at AbstractSokobanGameTest.java:161

AbstractSokobanGameTest > testMoveNonExistingPlayer() FAILED
    java.lang.IllegalArgumentException at AbstractSokobanGameTest.java:226

AbstractSokobanGameTest > testCheckpointWhenNeed() FAILED
    java.lang.IllegalArgumentException at AbstractSokobanGameTest.java:247

AbstractSokobanGameTest > testPushBoxAgainstWall() FAILED
    java.lang.IllegalArgumentException at AbstractSokobanGameTest.java:183

AbstractSokobanGameTest > testCheckpointWhenNotNeed() FAILED
    java.lang.IllegalArgumentException at AbstractSokobanGameTest.java:266

AbstractSokobanGameTest > testHitAnotherPlayer() FAILED
    java.lang.IllegalArgumentException at AbstractSokobanGameTest.java:140

AbstractSokobanGameTest > testHitWall() FAILED
    java.lang.IllegalArgumentException at AbstractSokobanGameTest.java:119

GameStateTest > testWin() FAILED
    java.lang.IllegalArgumentException at GameStateTest.java:79

GameStateTest > testMove() FAILED
    java.lang.IllegalArgumentException at GameStateTest.java:89

GameStateTest > testUndoWhenThereIsNoMove() FAILED
    java.lang.IllegalArgumentException at GameStateTest.java:193

GameStateTest > testGetUndoUnlimited() FAILED
    java.lang.IllegalArgumentException at GameStateTest.java:138

GameStateTest > testPushBox() FAILED
    java.lang.IllegalArgumentException at GameStateTest.java:105

GameStateTest > testGetUndoLimit() FAILED
    java.lang.IllegalArgumentException at GameStateTest.java:124

GameStateTest > testAllPlayerIds() FAILED
    java.lang.IllegalArgumentException at GameStateTest.java:64

GameStateTest > testMapCopying() FAILED
    java.lang.NullPointerException at GameStateTest.java:41

GameStateTest > testUndoWhenThereIsMoveButNoCheckpoint() FAILED
    java.lang.IllegalArgumentException at GameStateTest.java:175

GameStateTest > testUndoWhenThereIsCheckpoint() FAILED
    java.lang.IllegalArgumentException at GameStateTest.java:152

TerminalRenderingEngineTest > testRender() FAILED
    java.lang.IllegalArgumentException at TerminalRenderingEngineTest.java:46
Results: FAILURE (70 tests, 49 successes, 21 failures, 0 skipped)

> Task :test FAILED

Deprecated Gradle features were used in this build, making it incompatible with Gradle 8.0.

You can use '--warning-mode all' to show the individual deprecation warnings and determine if they come from your own scripts or plugins.

See https://docs.gradle.org/7.5/userguide/command_line_interface.html#sec:command_line_warnings
5 actionable tasks: 5 executed

==============================
Task PA22/GameState.java, index: 124
> Task :compileJava
> Task :processResources
> Task :classes
> Task :compileTestJava
> Task :processTestResources
> Task :testClasses

> Task :test

AbstractSokobanGameTest > testPushBox() FAILED
    java.lang.IllegalArgumentException at AbstractSokobanGameTest.java:164

AbstractSokobanGameTest > testHitWall() FAILED
    assignment.utils.ShouldNotReachException at AbstractSokobanGameTest.java:122

GameStateTest > testUndoWhenThereIsNoMove() FAILED
    java.lang.IllegalStateException at GameStateTest.java:201

GameStateTest > testGetUndoUnlimited() FAILED
    org.opentest4j.AssertionFailedError at GameStateTest.java:146

GameStateTest > testMapCopying() FAILED
    org.opentest4j.AssertionFailedError at GameStateTest.java:47

GameStateTest > testUndoWhenThereIsMoveButNoCheckpoint() FAILED
    java.lang.IllegalStateException at GameStateTest.java:185

GameStateTest > testUndoWhenThereIsCheckpoint() FAILED
    org.opentest4j.AssertionFailedError at GameStateTest.java:167

TerminalRenderingEngineTest > testRender() FAILED
    org.opentest4j.AssertionFailedError at TerminalRenderingEngineTest.java:56
Results: FAILURE (70 tests, 62 successes, 8 failures, 0 skipped)

> Task :test FAILED

Deprecated Gradle features were used in this build, making it incompatible with Gradle 8.0.

You can use '--warning-mode all' to show the individual deprecation warnings and determine if they come from your own scripts or plugins.

See https://docs.gradle.org/7.5/userguide/command_line_interface.html#sec:command_line_warnings
5 actionable tasks: 5 executed

